2011-03-07 18:58:07.642442: Found Show to DL: smallville.s10e16.hdtv.xvid-asap.avi
2011-03-07 18:58:12.584973: Email notification sent to: kyle@schinkels.net for DL: smallville.s10e16.hdtv.xvid-asap.avi
2011-03-07 18:58:15.295908: Email notification sent to: stephanie@schinkels.net for DL: smallville.s10e16.hdtv.xvid-asap.avi
2011-03-07 20:12:23.514434: Failed to retrieve page from server: No JSON object could be decoded
2011-03-07 20:13:36.265203: Failed to retrieve page from server: [Errno -2] Name or service not known
2011-03-07 20:13:46.747923: Failed to retrieve page from server: [Errno -2] Name or service not known
2011-03-08 19:56:47.716256: Failed to retrieve page from server: No JSON object could be decoded
2011-03-08 19:56:59.340345: Failed to retrieve page from server: No JSON object could be decoded
2011-03-08 19:57:10.965729: Failed to retrieve page from server: No JSON object could be decoded
2011-03-08 19:57:22.576576: Failed to retrieve page from server: No JSON object could be decoded
2011-03-08 19:57:34.172305: Failed to retrieve page from server: No JSON object could be decoded
2011-03-08 19:57:45.784403: Failed to retrieve page from server: No JSON object could be decoded
2011-03-08 19:57:57.406862: Failed to retrieve page from server: No JSON object could be decoded
2011-03-08 19:58:09.042293: Failed to retrieve page from server: No JSON object could be decoded
2011-03-08 19:58:20.638683: Failed to retrieve page from server: No JSON object could be decoded
2011-03-08 19:58:32.267601: Failed to retrieve page from server: No JSON object could be decoded
2011-03-08 19:58:43.877639: Failed to retrieve page from server: No JSON object could be decoded
2011-03-08 19:58:55.497582: Failed to retrieve page from server: No JSON object could be decoded
2011-03-08 19:59:07.118177: Failed to retrieve page from server: No JSON object could be decoded
2011-03-08 19:59:18.730545: Failed to retrieve page from server: No JSON object could be decoded
2011-03-08 19:59:30.388467: Failed to retrieve page from server: No JSON object could be decoded
2011-03-08 19:59:42.004076: Failed to retrieve page from server: No JSON object could be decoded
2011-03-08 19:59:53.613908: Failed to retrieve page from server: No JSON object could be decoded
2011-03-08 20:00:05.302492: Failed to retrieve page from server: No JSON object could be decoded
2011-03-08 20:00:17.000165: Failed to retrieve page from server: No JSON object could be decoded
2011-03-08 20:00:28.611045: Failed to retrieve page from server: No JSON object could be decoded
2011-03-08 20:00:40.216320: Failed to retrieve page from server: No JSON object could be decoded
2011-03-08 20:00:51.818731: Failed to retrieve page from server: No JSON object could be decoded
2011-03-08 20:01:03.491802: Failed to retrieve page from server: No JSON object could be decoded
2011-03-08 20:01:15.096768: Failed to retrieve page from server: No JSON object could be decoded
2011-03-08 20:01:26.710195: Failed to retrieve page from server: No JSON object could be decoded
2011-03-08 20:01:38.358916: Failed to retrieve page from server: No JSON object could be decoded
2011-03-08 20:13:54.335953: Failed to retrieve page from server: [Errno -2] Name or service not known
2011-03-08 20:14:04.812298: Failed to retrieve page from server: [Errno -2] Name or service not known
2011-03-08 20:17:30.854983: Failed to retrieve page from server: No JSON object could be decoded
2011-03-08 20:56:11.870306: Failed to retrieve page from server: No JSON object could be decoded
2011-03-08 21:03:19.867036: Failed to retrieve page from server: No JSON object could be decoded
2011-03-08 21:47:47.875243: Failed to retrieve page from server: No JSON object could be decoded
2011-03-08 21:52:54.877945: Failed to retrieve page from server: No JSON object could be decoded
2011-03-08 22:02:30.880526: Failed to retrieve page from server: No JSON object could be decoded
2011-03-08 22:06:30.886940: Failed to retrieve page from server: No JSON object could be decoded
2011-03-08 22:36:21.906177: Failed to retrieve page from server: No JSON object could be decoded
2011-04-10 21:35:20.720809: Found Show to DL: bones.s06e17.hdtv.xvid-lol.avi
2011-04-10 21:35:29.682598: Email notification sent to: kyle@schinkels.net for DL: Bones.S06E17.HDTV.XviD-LOL.avi
2011-04-10 21:35:32.806528: Email notification sent to: stephanie@schinkels.net for DL: Bones.S06E17.HDTV.XviD-LOL.avi
2011-04-10 21:35:32.811137: Found Show to DL: the.mentalist.s03e19.every.rose.has.its.thorn.hdtv.xvid-2hd.avi
2011-04-10 21:35:36.033961: Email notification sent to: kyle@schinkels.net for DL: The.Mentalist.S03E19.Every.Rose.Has.Its.Thorn.HDTV.XviD-2HD.avi
2011-04-10 21:35:38.542795: Email notification sent to: stephanie@schinkels.net for DL: The.Mentalist.S03E19.Every.Rose.Has.Its.Thorn.HDTV.XviD-2HD.avi
2011-04-10 21:35:38.554860: Found Show to DL: republic.of.doyle.s02e13.hdtv.xvid-2hd.avi
2011-04-10 21:35:41.842440: Email notification sent to: kyle@schinkels.net for DL: republic.of.doyle.s02e13.hdtv.xvid-2hd.avi
2011-04-10 21:35:44.394543: Email notification sent to: stephanie@schinkels.net for DL: republic.of.doyle.s02e13.hdtv.xvid-2hd.avi
2011-04-10 21:35:44.413075: Found Show to DL: the.vampire.diaries.s02e17.hdtv.xvid-2hd.avi
2011-04-10 21:35:47.500103: Email notification sent to: kyle@schinkels.net for DL: the.vampire.diaries.s02e17.hdtv.xvid-2hd.avi
2011-04-10 21:35:50.443849: Email notification sent to: stephanie@schinkels.net for DL: the.vampire.diaries.s02e17.hdtv.xvid-2hd.avi
2011-04-10 21:35:50.448133: Found Show to DL: the.big.bang.theory.s04e20.hdtv.xvid-asap.avi
2011-04-10 21:35:53.558033: Email notification sent to: kyle@schinkels.net for DL: the.big.bang.theory.s04e20.hdtv.xvid-asap.avi
2011-04-10 21:36:04.777266: Email notification sent to: stephanie@schinkels.net for DL: the.big.bang.theory.s04e20.hdtv.xvid-asap.avi
2011-04-10 21:36:04.791656: Found Show to DL: off.the.map.s01e13.hdtv.xvid-lol.avi
2011-04-10 21:36:07.850437: Email notification sent to: kyle@schinkels.net for DL: Off.the.Map.S01E13.HDTV.XviD-LOL.avi
2011-04-10 21:36:10.508197: Email notification sent to: stephanie@schinkels.net for DL: Off.the.Map.S01E13.HDTV.XviD-LOL.avi
2011-04-10 21:36:10.515183: Found Show to DL: the.big.bang.theory.s04e18.repack.hdtv.xvid-asap.avi
2011-04-10 21:36:13.605496: Email notification sent to: kyle@schinkels.net for DL: the.big.bang.theory.s04e18.repack.hdtv.xvid-asap.avi
2011-04-10 21:36:16.425835: Email notification sent to: stephanie@schinkels.net for DL: the.big.bang.theory.s04e18.repack.hdtv.xvid-asap.avi
2011-04-10 21:36:16.435814: Found Show to DL: castle.2009.320.hdtv-lol.avi
2011-04-10 21:36:19.761188: Email notification sent to: kyle@schinkels.net for DL: castle.2009.320.hdtv-lol.avi
2011-04-10 21:36:22.446018: Email notification sent to: stephanie@schinkels.net for DL: castle.2009.320.hdtv-lol.avi
2011-04-10 21:36:22.483015: Found Show to DL: the.mentalist.s03e18.hdtv.xvid-fever.avi
2011-04-10 21:36:26.075283: Email notification sent to: kyle@schinkels.net for DL: the.mentalist.s03e18.hdtv.xvid-fever.avi
2011-04-10 21:36:28.664589: Email notification sent to: stephanie@schinkels.net for DL: the.mentalist.s03e18.hdtv.xvid-fever.avi
2011-04-10 21:36:28.667921: Found Show to DL: the.big.bang.theory.s04e19.proper.hdtv.xvid-fever.avi
2011-04-10 21:36:31.852499: Email notification sent to: kyle@schinkels.net for DL: the.big.bang.theory.s04e19.proper.hdtv.xvid-fever.avi
2011-04-10 21:36:34.514684: Email notification sent to: stephanie@schinkels.net for DL: the.big.bang.theory.s04e19.proper.hdtv.xvid-fever.avi
2011-04-10 21:36:34.526573: Found Show to DL: greys.anatomy.s07e18.hdtv.xvid-lol.avi
2011-04-10 21:36:37.646834: Email notification sent to: kyle@schinkels.net for DL: Greys.Anatomy.S07E18.HDTV.XviD-LOL.avi
2011-04-10 21:36:40.164107: Email notification sent to: stephanie@schinkels.net for DL: Greys.Anatomy.S07E18.HDTV.XviD-LOL.avi
2011-04-10 21:36:40.180008: Found Show to DL: greys.anatomy.s07e17.hdtv.xvid-lol.avi
2011-04-10 21:36:43.347062: Email notification sent to: kyle@schinkels.net for DL: Greys.Anatomy.S07E17.HDTV.XviD-LOL.avi
2011-04-10 21:36:45.950989: Email notification sent to: stephanie@schinkels.net for DL: Greys.Anatomy.S07E17.HDTV.XviD-LOL.avi
2011-04-10 21:36:45.954371: Found Show to DL: castle.2009.s03e19.hdtv.xvid-lol.avi
2011-04-10 21:36:49.001996: Email notification sent to: kyle@schinkels.net for DL: Castle.2009.S03E19.HDTV.XviD-LOL.avi
2011-04-10 21:36:51.560463: Email notification sent to: stephanie@schinkels.net for DL: Castle.2009.S03E19.HDTV.XviD-LOL.avi
2011-04-10 21:36:51.574138: Found Show to DL: republic.of.doyle.s02e12.hdtv.xvid-2hd.avi
2011-04-10 21:36:54.615880: Email notification sent to: kyle@schinkels.net for DL: republic.of.doyle.s02e12.hdtv.xvid-2hd.avi
2011-04-10 21:36:57.235846: Email notification sent to: stephanie@schinkels.net for DL: republic.of.doyle.s02e12.hdtv.xvid-2hd.avi
2011-04-10 21:36:57.239529: Found Show to DL: off.the.map.s01e12.hdtv.xvid-lol.avi
2011-04-10 21:37:00.176445: Email notification sent to: kyle@schinkels.net for DL: Off.the.Map.S01E12.HDTV.XviD-LOL.avi
2011-04-10 21:37:02.969910: Email notification sent to: stephanie@schinkels.net for DL: Off.the.Map.S01E12.HDTV.XviD-LOL.avi
2011-04-11 10:02:28.919704: Failed to retrieve page from server: No JSON object could be decoded
2011-04-11 10:02:40.173231: Failed to retrieve page from server: No JSON object could be decoded
2011-04-11 10:02:51.409337: Failed to retrieve page from server: No JSON object could be decoded
2011-04-11 10:03:02.637590: Failed to retrieve page from server: No JSON object could be decoded
2011-04-11 10:03:13.838781: Failed to retrieve page from server: No JSON object could be decoded
2011-04-11 10:03:25.056529: Failed to retrieve page from server: No JSON object could be decoded
2011-04-11 10:03:36.230512: Failed to retrieve page from server: No JSON object could be decoded
2011-04-11 10:03:48.505858: Failed to retrieve page from server: No JSON object could be decoded
2011-04-11 10:03:59.738023: Failed to retrieve page from server: No JSON object could be decoded
2011-04-11 10:04:10.922301: Failed to retrieve page from server: No JSON object could be decoded
2011-04-11 10:04:22.124992: Failed to retrieve page from server: No JSON object could be decoded
2011-04-11 10:04:34.403108: Failed to retrieve page from server: No JSON object could be decoded
2011-04-11 10:04:45.656888: Failed to retrieve page from server: No JSON object could be decoded
2011-04-11 10:04:56.867023: Failed to retrieve page from server: No JSON object could be decoded
2011-04-11 10:05:08.035442: Failed to retrieve page from server: No JSON object could be decoded
2011-04-11 10:05:19.211111: Failed to retrieve page from server: No JSON object could be decoded
2011-04-11 10:05:30.486631: Failed to retrieve page from server: No JSON object could be decoded
2011-04-11 10:05:41.729291: Failed to retrieve page from server: No JSON object could be decoded
2011-04-11 10:05:52.901689: Failed to retrieve page from server: No JSON object could be decoded
2011-04-11 10:06:05.166549: Failed to retrieve page from server: No JSON object could be decoded
2011-04-11 10:06:16.435225: Failed to retrieve page from server: No JSON object could be decoded
2011-04-11 10:06:28.678528: Failed to retrieve page from server: No JSON object could be decoded
2011-04-11 10:06:39.961984: Failed to retrieve page from server: No JSON object could be decoded
2011-04-11 10:06:51.203095: Failed to retrieve page from server: No JSON object could be decoded
2011-04-11 10:07:02.417510: Failed to retrieve page from server: No JSON object could be decoded
2011-04-11 10:07:13.595278: Failed to retrieve page from server: No JSON object could be decoded
2011-04-11 15:23:02.793508: Found Show to DL: The Big Bang Theory S04 E20 - The Herb Garden Germination.avi
2011-04-11 15:23:07.657086: Email notification sent to: kyle@schinkels.net for DL: The Big Bang Theory S04 E20 - The Herb Garden Germination.avi
2011-04-11 15:23:12.093581: Email notification sent to: stephanie@schinkels.net for DL: The Big Bang Theory S04 E20 - The Herb Garden Germination.avi
2011-04-11 15:24:55.405823: Found Show to DL: The Big Bang Theory S04 E20 - The Herb Garden Germination.avi
2011-04-11 15:24:58.506130: Email notification sent to: kyle@schinkels.net for DL: The Big Bang Theory S04 E20 - The Herb Garden Germination.avi
2011-04-11 15:25:01.137667: Email notification sent to: stephanie@schinkels.net for DL: The Big Bang Theory S04 E20 - The Herb Garden Germination.avi
2011-04-11 20:45:22.944298: Found Show to DL: How I Met Your Mother S06 E20 - The Exploding Meatball Sub.avi
2011-04-11 20:46:25.506586: Email notification sent to: kyle@schinkels.net for DL: How I Met Your Mother S06 E20 - The Exploding Meatball Sub.avi
2011-04-11 20:46:28.156136: Email notification sent to: stephanie@schinkels.net for DL: How I Met Your Mother S06 E20 - The Exploding Meatball Sub.avi
2011-04-11 23:15:27.384918: Found Show to DL: Castle (2009) S03 E21 - The Dead Pool.avi
2011-04-11 23:15:31.347375: Email notification sent to: kyle@schinkels.net for DL: Castle (2009) S03 E21 - The Dead Pool.avi
2011-04-11 23:15:34.037758: Email notification sent to: stephanie@schinkels.net for DL: Castle (2009) S03 E21 - The Dead Pool.avi
2011-04-12 13:08:31.224720: Failed to retrieve page from server: ''
2011-04-13 06:51:29.731370: Failed to retrieve page from server: [Errno 110] Connection timed out
2011-04-13 13:49:54.051379: Failed to retrieve page from server: [Errno 110] Connection timed out
2011-04-13 14:51:56.035349: Failed to retrieve page from server: [Errno 110] Connection timed out
2011-04-13 14:53:03.523383: Failed to retrieve page from server: [Errno 110] Connection timed out
2011-04-13 22:37:29.910368: Failed to retrieve page from server: No JSON object could be decoded
2011-04-14 10:07:12.015865: Failed to retrieve page from server: No JSON object could be decoded
2011-04-14 10:07:23.212728: Failed to retrieve page from server: No JSON object could be decoded
2011-04-14 10:07:34.489172: Failed to retrieve page from server: No JSON object could be decoded
2011-04-14 10:07:45.779017: Failed to retrieve page from server: No JSON object could be decoded
2011-04-14 10:07:57.016821: Failed to retrieve page from server: No JSON object could be decoded
2011-04-14 10:08:08.202130: Failed to retrieve page from server: No JSON object could be decoded
2011-04-14 10:08:19.420784: Failed to retrieve page from server: No JSON object could be decoded
2011-04-14 10:08:30.703822: Failed to retrieve page from server: No JSON object could be decoded
2011-04-14 10:08:41.901132: Failed to retrieve page from server: No JSON object could be decoded
2011-04-14 10:08:53.099749: Failed to retrieve page from server: No JSON object could be decoded
2011-04-14 10:09:04.333428: Failed to retrieve page from server: No JSON object could be decoded
2011-04-14 10:09:15.621203: Failed to retrieve page from server: No JSON object could be decoded
2011-04-14 10:09:26.841777: Failed to retrieve page from server: No JSON object could be decoded
2011-04-14 10:09:38.070134: Failed to retrieve page from server: No JSON object could be decoded
2011-04-14 10:09:49.319365: Failed to retrieve page from server: No JSON object could be decoded
2011-04-14 10:10:00.565676: Failed to retrieve page from server: No JSON object could be decoded
2011-04-14 10:10:11.807460: Failed to retrieve page from server: No JSON object could be decoded
2011-04-14 10:10:24.089303: Failed to retrieve page from server: No JSON object could be decoded
2011-04-14 10:10:35.276130: Failed to retrieve page from server: No JSON object could be decoded
2011-04-14 10:10:46.540349: Failed to retrieve page from server: No JSON object could be decoded
2011-04-14 10:10:57.776180: Failed to retrieve page from server: No JSON object could be decoded
2011-04-14 10:11:08.985741: Failed to retrieve page from server: No JSON object could be decoded
2011-04-14 10:11:20.188144: Failed to retrieve page from server: No JSON object could be decoded
2011-04-14 10:11:31.388711: Failed to retrieve page from server: No JSON object could be decoded
2011-04-14 10:11:42.704001: Failed to retrieve page from server: No JSON object could be decoded
2011-04-14 10:11:54.014251: Failed to retrieve page from server: No JSON object could be decoded
2011-04-14 10:12:05.260521: Failed to retrieve page from server: No JSON object could be decoded
2011-04-14 10:12:16.455349: Failed to retrieve page from server: No JSON object could be decoded
2011-04-14 23:18:29.340529: Failed to retrieve page from server: ''
2011-04-14 23:47:12.579839: Failed to retrieve page from server: ''
2011-04-15 00:11:38.719705: Failed to retrieve page from server: ''
2011-04-15 06:12:56.772246: Failed to retrieve page from server: ''
2011-04-15 07:32:00.793518: Failed to retrieve page from server: [Errno 8] _ssl.c:499: EOF occurred in violation of protocol
2011-04-16 17:02:23.690720: Found Show to DL: Community S02 E20 - Competitive Wine Tasting.avi
2011-04-16 17:02:29.482799: Email notification sent to: kyle@schinkels.net for DL: Community S02 E20 - Competitive Wine Tasting.avi
2011-04-16 17:02:32.846015: Email notification sent to: stephanie@schinkels.net for DL: Community S02 E20 - Competitive Wine Tasting.avi
2011-04-16 17:02:33.307156: Found Show to DL: Community S02 E19 - Critical Film Studies.avi
2011-04-16 17:02:36.755324: Email notification sent to: kyle@schinkels.net for DL: Community S02 E19 - Critical Film Studies.avi
2011-04-16 17:02:39.629643: Email notification sent to: stephanie@schinkels.net for DL: Community S02 E19 - Critical Film Studies.avi
2011-04-16 17:04:07.013605: Found Show to DL: Community S02 E18 - Custody Law and Eastern European Diplomacy.avi
2011-04-16 17:04:10.205473: Email notification sent to: kyle@schinkels.net for DL: Community S02 E18 - Custody Law and Eastern European Diplomacy.avi
2011-04-16 17:04:12.697016: Email notification sent to: stephanie@schinkels.net for DL: Community S02 E18 - Custody Law and Eastern European Diplomacy.avi
2011-04-17 10:12:24.388398: Failed to retrieve page from server: No JSON object could be decoded
2011-04-17 10:12:35.888573: Failed to retrieve page from server: No JSON object could be decoded
2011-04-17 10:12:47.203732: Failed to retrieve page from server: No JSON object could be decoded
2011-04-17 10:12:58.534984: Failed to retrieve page from server: No JSON object could be decoded
2011-04-17 10:13:09.924625: Failed to retrieve page from server: No JSON object could be decoded
2011-04-17 10:13:21.249092: Failed to retrieve page from server: No JSON object could be decoded
2011-04-17 10:13:32.602817: Failed to retrieve page from server: No JSON object could be decoded
2011-04-17 10:13:43.892419: Failed to retrieve page from server: No JSON object could be decoded
2011-04-17 10:13:55.208887: Failed to retrieve page from server: No JSON object could be decoded
2011-04-17 10:14:06.614190: Failed to retrieve page from server: No JSON object could be decoded
2011-04-17 10:14:17.914648: Failed to retrieve page from server: No JSON object could be decoded
2011-04-17 10:14:29.266432: Failed to retrieve page from server: No JSON object could be decoded
2011-04-17 10:14:40.620051: Failed to retrieve page from server: No JSON object could be decoded
2011-04-17 10:14:52.090450: Failed to retrieve page from server: No JSON object could be decoded
2011-04-17 10:15:03.473262: Failed to retrieve page from server: No JSON object could be decoded
2011-04-17 10:15:14.840742: Failed to retrieve page from server: No JSON object could be decoded
2011-04-17 10:15:26.199905: Failed to retrieve page from server: No JSON object could be decoded
2011-04-17 10:15:37.507920: Failed to retrieve page from server: No JSON object could be decoded
2011-04-17 10:15:48.859209: Failed to retrieve page from server: No JSON object could be decoded
2011-04-17 10:16:00.196741: Failed to retrieve page from server: No JSON object could be decoded
2011-04-17 10:16:11.443574: Failed to retrieve page from server: No JSON object could be decoded
2011-04-17 10:16:22.790813: Failed to retrieve page from server: No JSON object could be decoded
2011-04-17 10:16:34.197752: Failed to retrieve page from server: No JSON object could be decoded
2011-04-17 10:16:45.579874: Failed to retrieve page from server: No JSON object could be decoded
2011-04-17 10:16:56.835943: Failed to retrieve page from server: No JSON object could be decoded
2011-04-17 10:17:08.325551: Failed to retrieve page from server: No JSON object could be decoded
2011-04-17 10:51:43.311872: Failed to retrieve page from server: ''
2011-04-17 14:28:38.540192: Failed to retrieve page from server: No JSON object could be decoded
2011-04-18 01:26:14.435589: Failed to retrieve page from server: No JSON object could be decoded
2011-04-18 01:29:35.481572: Failed to retrieve page from server: No JSON object could be decoded
2011-04-19 13:04:58.223635: Found Show to DL: Supernatural S06 E17 - My Heart Will Go On.avi
2011-04-19 13:05:05.154340: Email notification sent to: kyle@schinkels.net for DL: Supernatural S06 E17 - My Heart Will Go On.avi
2011-04-19 13:05:08.648316: Email notification sent to: stephanie@schinkels.net for DL: Supernatural S06 E17 - My Heart Will Go On.avi
2011-04-19 19:04:07.147371: Found Show to DL: Bones S06 E18 - The Truth in the Myth.avi
2011-04-19 19:04:11.849454: Email notification sent to: kyle@schinkels.net for DL: Bones S06 E18 - The Truth in the Myth.avi
2011-04-19 19:04:14.385492: Email notification sent to: stephanie@schinkels.net for DL: Bones S06 E18 - The Truth in the Myth.avi
2011-04-19 19:08:40.902733: Found Show to DL: The Vampire Diaries S02 E18 - The Last Dance.avi
2011-04-19 19:08:44.010488: Email notification sent to: kyle@schinkels.net for DL: The Vampire Diaries S02 E18 - The Last Dance.avi
2011-04-19 19:08:46.518880: Email notification sent to: stephanie@schinkels.net for DL: The Vampire Diaries S02 E18 - The Last Dance.avi
2011-04-19 19:10:12.059006: Found Show to DL: Hawaii Five-0 (2010) S01 E20 - Ma Ke Kahakai (Shore).avi
2011-04-19 19:10:15.165391: Email notification sent to: kyle@schinkels.net for DL: Hawaii Five-0 (2010) S01 E20 - Ma Ke Kahakai (Shore).avi
2011-04-19 19:10:17.664912: Email notification sent to: stephanie@schinkels.net for DL: Hawaii Five-0 (2010) S01 E20 - Ma Ke Kahakai (Shore).avi
2011-04-19 19:11:53.019384: Found Show to DL: Smallville S10 E17 - Kent.avi
2011-04-19 19:11:56.227297: Email notification sent to: kyle@schinkels.net for DL: Smallville S10 E17 - Kent.avi
2011-04-19 19:11:58.682099: Email notification sent to: stephanie@schinkels.net for DL: Smallville S10 E17 - Kent.avi
2011-04-19 19:48:55.318515: Failed to retrieve page from server: No JSON object could be decoded
2011-04-19 19:52:17.224600: Failed to retrieve page from server: No JSON object could be decoded
2011-04-19 20:01:45.237433: Failed to retrieve page from server: No JSON object could be decoded
2011-04-19 20:25:44.269695: Failed to retrieve page from server: No JSON object could be decoded
2011-04-19 20:32:23.278439: Failed to retrieve page from server: No JSON object could be decoded
2011-04-19 20:44:02.292704: Failed to retrieve page from server: No JSON object could be decoded
2011-04-19 21:09:16.516079: Found Show to DL: One Tree Hill S08 E18 - Quiet Little Voices.avi
2011-04-19 21:09:19.972610: Email notification sent to: kyle@schinkels.net for DL: One Tree Hill S08 E18 - Quiet Little Voices.avi
2011-04-19 21:09:22.798973: Email notification sent to: stephanie@schinkels.net for DL: One Tree Hill S08 E18 - Quiet Little Voices.avi
2011-04-19 21:14:38.336820: Failed to retrieve page from server: No JSON object could be decoded
2011-04-19 21:27:30.350393: Failed to retrieve page from server: No JSON object could be decoded
2011-04-19 21:33:04.362332: Failed to retrieve page from server: No JSON object could be decoded
2011-04-19 21:36:11.363698: Failed to retrieve page from server: No JSON object could be decoded
2011-04-19 21:49:35.379655: Failed to retrieve page from server: No JSON object could be decoded
2011-04-20 10:17:20.137014: Failed to retrieve page from server: No JSON object could be decoded
2011-04-20 10:17:31.483076: Failed to retrieve page from server: No JSON object could be decoded
2011-04-20 10:17:42.873888: Failed to retrieve page from server: No JSON object could be decoded
2011-04-20 10:17:54.224082: Failed to retrieve page from server: No JSON object could be decoded
2011-04-20 10:18:05.633261: Failed to retrieve page from server: No JSON object could be decoded
2011-04-20 10:18:16.993915: Failed to retrieve page from server: No JSON object could be decoded
2011-04-20 10:18:28.379985: Failed to retrieve page from server: No JSON object could be decoded
2011-04-20 10:18:39.838442: Failed to retrieve page from server: No JSON object could be decoded
2011-04-20 10:18:51.159445: Failed to retrieve page from server: No JSON object could be decoded
2011-04-20 10:19:02.431954: Failed to retrieve page from server: No JSON object could be decoded
2011-04-20 10:19:13.783890: Failed to retrieve page from server: No JSON object could be decoded
2011-04-20 10:19:25.149712: Failed to retrieve page from server: No JSON object could be decoded
2011-04-20 10:19:36.542856: Failed to retrieve page from server: No JSON object could be decoded
2011-04-20 10:19:47.986180: Failed to retrieve page from server: No JSON object could be decoded
2011-04-20 10:19:59.324329: Failed to retrieve page from server: No JSON object could be decoded
2011-04-20 10:20:10.594072: Failed to retrieve page from server: No JSON object could be decoded
2011-04-20 10:20:21.914017: Failed to retrieve page from server: No JSON object could be decoded
2011-04-20 10:20:33.383155: Failed to retrieve page from server: No JSON object could be decoded
2011-04-20 10:20:44.778309: Failed to retrieve page from server: No JSON object could be decoded
2011-04-20 10:20:56.101091: Failed to retrieve page from server: No JSON object could be decoded
2011-04-20 10:21:07.430090: Failed to retrieve page from server: No JSON object could be decoded
2011-04-20 10:21:18.851400: Failed to retrieve page from server: No JSON object could be decoded
2011-04-20 10:21:30.123898: Failed to retrieve page from server: No JSON object could be decoded
2011-04-20 10:21:41.590390: Failed to retrieve page from server: No JSON object could be decoded
2011-04-20 10:21:52.903336: Failed to retrieve page from server: No JSON object could be decoded
2011-04-20 10:22:04.422416: Failed to retrieve page from server: No JSON object could be decoded
2011-04-20 10:22:15.730830: Failed to retrieve page from server: No JSON object could be decoded
2011-04-20 11:34:58.498753: Failed to retrieve page from server: No JSON object could be decoded
