2011-02-28 14:17:00.027467: Starting job: https://dl.vpnhub.ca/downloads/Top.Gear.S16E06.REPACK.720p.HDTV.x264-BiA/top.gear.s16e06.repack.720p.hdtv.x264-bia.mkv Saving to local path: /mnt/Data/incoming/top.gear.s16e06.repack.720p.hdtv.x264-bia.mkv
2011-02-28 14:17:08.662628: Stopped: 19 /mnt/Data/incoming/top.gear.s16e06.repack.720p.hdtv.x264-bia.mkv
2011-02-28 14:17:14.987232: Starting job: https://dl.vpnhub.ca/downloads/Top.Gear.S16E06.REPACK.720p.HDTV.x264-BiA/top.gear.s16e06.repack.720p.hdtv.x264-bia.mkv Saving to local path: /mnt/Data/incoming/top.gear.s16e06.repack.720p.hdtv.x264-bia.mkv
2011-02-28 14:17:59.226524: Stopped: 19 /mnt/Data/incoming/top.gear.s16e06.repack.720p.hdtv.x264-bia.mkv
2011-02-28 14:18:03.487352: Starting job: https://dl.vpnhub.ca/downloads/Top.Gear.S16E06.REPACK.720p.HDTV.x264-BiA/top.gear.s16e06.repack.720p.hdtv.x264-bia.mkv Saving to local path: /mnt/Data/incoming/top.gear.s16e06.repack.720p.hdtv.x264-bia.mkv
2011-02-28 14:19:04.150510: Stopped: 19 /mnt/Data/incoming/top.gear.s16e06.repack.720p.hdtv.x264-bia.mkv
2011-02-28 14:19:10.606436: Removed job with queue id: 19
2011-02-28 20:43:18.289991: Starting job: https://dl.vpnhub.ca/downloads/how.i.met.your.mother.618.hdtv-lol.avi Saving to local path: /mnt/Data/TV Shows/How I Met Your Mother/How I Met Your Mother Season 6/how.i.met.your.mother.618.hdtv-lol.avihow.i.met.your.mother.618.hdtv-lol.avi
2011-03-01 11:02:02.859426: Starting job: https://dl.vpnhub.ca/downloads/Castle.2009.S03E17.HDTV.XviD-LOL.avi Saving to local path: /mnt/Data/TV Shows/Castle/Castle Season 3/Castle.2009.S03E17.HDTV.XviD-LOL.aviCastle.2009.S03E17.HDTV.XviD-LOL.avi
2011-03-01 11:08:23.217905: Removed job with queue id: 21
2011-03-01 11:10:31.485934: Removed job with queue id: 2
2011-03-01 11:11:48.560271: Removed job with queue id: 2
2011-03-01 11:11:48.575989: Removed job with queue id: 3
2011-03-01 11:11:48.601690: Removed job with queue id: 4
2011-03-01 20:07:33.151660: Removed job with queue id: 15
2011-03-01 20:07:33.176807: Removed job with queue id: 16
2011-03-02 21:14:01.624965: Starting job: https://dl.vpnhub.ca/downloads/one.tree.hill.s08e17.hdtv.xvid-fever.avi Saving to local path: /mnt/Data/TV Shows/One Tree Hill/One Tree Hill Season 8/one.tree.hill.s08e17.hdtv.xvid-fever.avi
2011-03-02 23:15:21.873133: Starting job: https://dl.vpnhub.ca/downloads/Off.the.Map.S01E08.HDTV.XviD-LOL.avi Saving to local path: /mnt/Data/TV Shows/Off The Map/Off the Map Season 1/Off.the.Map.S01E08.HDTV.XviD-LOL.avi
2011-03-03 20:01:13.765745: Starting job: https://dl.vpnhub.ca/downloads/republic.of.doyle.s02e08.hdtv.xvid-2hd.avi Saving to local path: /mnt/Data/TV Shows/Republic of Doyle/Republic of Doyle Season 2/republic.of.doyle.s02e08.hdtv.xvid-2hd.avi
2011-03-04 17:22:45.199272: Starting job: https://dl.vpnhub.ca/downloads/Just%20Go%20With%20It%202011%20TS%20XViD%20-%20IMAGiNE/Just%20Go%20With%20It%202011%20TS%20XViD%20-%20IMAGiNE.avi Saving to local path: /mnt/Data/Movies/Just Go With It(2011)/Just Go With It 2011 TS XViD - IMAGiNE.avi
2011-03-04 22:32:23.123688: Starting job: https://dl.vpnhub.ca/downloads/supernatural.s06e16.hdtv.xvid-2hd.avi Saving to local path: /mnt/Data/TV Shows/Supernatural/Supernatural Season 6/supernatural.s06e16.hdtv.xvid-2hd.avi
2011-03-05 21:05:37.311709: Starting job: https://dl.vpnhub.ca/downloads/Country.Strong.2010.PPVRip-IFLIX/Country.Strong.2010.PPVRip-IFLIX.avi Saving to local path: /mnt/Data/Movies/Country Strong/Country.Strong.2010.PPVRip-IFLIX.avi
2011-03-05 23:40:39.654550: Starting job: https://dl.vpnhub.ca/downloads/Country%20Strong%20%28Original%20Motion%20Picture%20Soundtrack%29%20-%20V0/01%20-%20Country%20Strong.mp3 Saving to local path: /mnt/Data/Other Media/Music/Country Strong - Soundtrack/01 - Country Strong.mp3
2011-03-05 23:40:39.862514: Starting job: https://dl.vpnhub.ca/downloads/Country%20Strong%20%28Original%20Motion%20Picture%20Soundtrack%29%20-%20V0/01%20-%20Country%20Strong.mp3 Saving to local path: /mnt/Data/Other Media/Music/Country Strong - Soundtrack/01 - Country Strong.mp3
2011-03-05 23:40:41.177402: Starting job: https://dl.vpnhub.ca/downloads/Country%20Strong%20%28Original%20Motion%20Picture%20Soundtrack%29%20-%20V0/02%20-%20Love%20Don%27t%20Let%20Me%20Down.mp3 Saving to local path: /mnt/Data/Other Media/Music/Country Strong - Soundtrack/02 - Love Don't Let Me Down.mp3
2011-03-05 23:40:41.408378: Starting job: https://dl.vpnhub.ca/downloads/Country%20Strong%20%28Original%20Motion%20Picture%20Soundtrack%29%20-%20V0/02%20-%20Love%20Don%27t%20Let%20Me%20Down.mp3 Saving to local path: /mnt/Data/Other Media/Music/Country Strong - Soundtrack/02 - Love Don't Let Me Down.mp3
2011-03-05 23:40:41.579440: Starting job: https://dl.vpnhub.ca/downloads/Country%20Strong%20%28Original%20Motion%20Picture%20Soundtrack%29%20-%20V0/03%20-%20A%20Little%20Bit%20Stronger.mp3 Saving to local path: /mnt/Data/Other Media/Music/Country Strong - Soundtrack/03 - A Little Bit Stronger.mp3
2011-03-05 23:40:41.831879: Starting job: https://dl.vpnhub.ca/downloads/Country%20Strong%20%28Original%20Motion%20Picture%20Soundtrack%29%20-%20V0/03%20-%20A%20Little%20Bit%20Stronger.mp3 Saving to local path: /mnt/Data/Other Media/Music/Country Strong - Soundtrack/03 - A Little Bit Stronger.mp3
2011-03-05 23:40:42.094109: Starting job: https://dl.vpnhub.ca/downloads/Country%20Strong%20%28Original%20Motion%20Picture%20Soundtrack%29%20-%20V0/04%20-%20Chances%20Are.mp3 Saving to local path: /mnt/Data/Other Media/Music/Country Strong - Soundtrack/04 - Chances Are.mp3
2011-03-05 23:40:42.323038: Starting job: https://dl.vpnhub.ca/downloads/Country%20Strong%20%28Original%20Motion%20Picture%20Soundtrack%29%20-%20V0/04%20-%20Chances%20Are.mp3 Saving to local path: /mnt/Data/Other Media/Music/Country Strong - Soundtrack/04 - Chances Are.mp3
2011-03-05 23:40:43.818881: Starting job: https://dl.vpnhub.ca/downloads/Country%20Strong%20%28Original%20Motion%20Picture%20Soundtrack%29%20-%20V0/05%20-%20Liars%20Lie.mp3 Saving to local path: /mnt/Data/Other Media/Music/Country Strong - Soundtrack/05 - Liars Lie.mp3
2011-03-05 23:40:44.043269: Starting job: https://dl.vpnhub.ca/downloads/Country%20Strong%20%28Original%20Motion%20Picture%20Soundtrack%29%20-%20V0/05%20-%20Liars%20Lie.mp3 Saving to local path: /mnt/Data/Other Media/Music/Country Strong - Soundtrack/05 - Liars Lie.mp3
2011-03-05 23:40:44.212447: Starting job: https://dl.vpnhub.ca/downloads/Country%20Strong%20%28Original%20Motion%20Picture%20Soundtrack%29%20-%20V0/06%20-%20She%27s%20Actin%27%20Single%20%28I%27m%20Drinkin%27%20Double%29.mp3 Saving to local path: /mnt/Data/Other Media/Music/Country Strong - Soundtrack/06 - She's Actin' Single (I'm Drinkin' Double).mp3
2011-03-05 23:40:44.417871: Starting job: https://dl.vpnhub.ca/downloads/Country%20Strong%20%28Original%20Motion%20Picture%20Soundtrack%29%20-%20V0/06%20-%20She%27s%20Actin%27%20Single%20%28I%27m%20Drinkin%27%20Double%29.mp3 Saving to local path: /mnt/Data/Other Media/Music/Country Strong - Soundtrack/06 - She's Actin' Single (I'm Drinkin' Double).mp3
2011-03-05 23:40:44.641827: Starting job: https://dl.vpnhub.ca/downloads/Country%20Strong%20%28Original%20Motion%20Picture%20Soundtrack%29%20-%20V0/07%20-%20Shake%20That%20Thing.mp3 Saving to local path: /mnt/Data/Other Media/Music/Country Strong - Soundtrack/07 - Shake That Thing.mp3
2011-03-05 23:40:46.253139: Starting job: https://dl.vpnhub.ca/downloads/Country%20Strong%20%28Original%20Motion%20Picture%20Soundtrack%29%20-%20V0/07%20-%20Shake%20That%20Thing.mp3 Saving to local path: /mnt/Data/Other Media/Music/Country Strong - Soundtrack/07 - Shake That Thing.mp3
2011-03-05 23:40:46.436513: Starting job: https://dl.vpnhub.ca/downloads/Country%20Strong%20%28Original%20Motion%20Picture%20Soundtrack%29%20-%20V0/08%20-%20Thirsty.mp3 Saving to local path: /mnt/Data/Other Media/Music/Country Strong - Soundtrack/08 - Thirsty.mp3
2011-03-05 23:40:46.659936: Starting job: https://dl.vpnhub.ca/downloads/Country%20Strong%20%28Original%20Motion%20Picture%20Soundtrack%29%20-%20V0/08%20-%20Thirsty.mp3 Saving to local path: /mnt/Data/Other Media/Music/Country Strong - Soundtrack/08 - Thirsty.mp3
2011-03-05 23:40:46.827404: Starting job: https://dl.vpnhub.ca/downloads/Country%20Strong%20%28Original%20Motion%20Picture%20Soundtrack%29%20-%20V0/09%20-%20Give%20In%20To%20Me.mp3 Saving to local path: /mnt/Data/Other Media/Music/Country Strong - Soundtrack/09 - Give In To Me.mp3
2011-03-05 23:40:47.058153: Starting job: https://dl.vpnhub.ca/downloads/Country%20Strong%20%28Original%20Motion%20Picture%20Soundtrack%29%20-%20V0/09%20-%20Give%20In%20To%20Me.mp3 Saving to local path: /mnt/Data/Other Media/Music/Country Strong - Soundtrack/09 - Give In To Me.mp3
2011-03-05 23:40:47.223443: Starting job: https://dl.vpnhub.ca/downloads/Country%20Strong%20%28Original%20Motion%20Picture%20Soundtrack%29%20-%20V0/10%20-%20Timing%20Is%20Everything.mp3 Saving to local path: /mnt/Data/Other Media/Music/Country Strong - Soundtrack/10 - Timing Is Everything.mp3
2011-03-05 23:40:49.067209: Starting job: https://dl.vpnhub.ca/downloads/Country%20Strong%20%28Original%20Motion%20Picture%20Soundtrack%29%20-%20V0/10%20-%20Timing%20Is%20Everything.mp3 Saving to local path: /mnt/Data/Other Media/Music/Country Strong - Soundtrack/10 - Timing Is Everything.mp3
2011-03-05 23:40:49.244824: Starting job: https://dl.vpnhub.ca/downloads/Country%20Strong%20%28Original%20Motion%20Picture%20Soundtrack%29%20-%20V0/11%20-%20Words%20I%20Couldn%27t%20Say.mp3 Saving to local path: /mnt/Data/Other Media/Music/Country Strong - Soundtrack/11 - Words I Couldn't Say.mp3
2011-03-05 23:40:49.516706: Starting job: https://dl.vpnhub.ca/downloads/Country%20Strong%20%28Original%20Motion%20Picture%20Soundtrack%29%20-%20V0/11%20-%20Words%20I%20Couldn%27t%20Say.mp3 Saving to local path: /mnt/Data/Other Media/Music/Country Strong - Soundtrack/11 - Words I Couldn't Say.mp3
2011-03-05 23:40:49.790122: Starting job: https://dl.vpnhub.ca/downloads/Country%20Strong%20%28Original%20Motion%20Picture%20Soundtrack%29%20-%20V0/12%20-%20Coming%20Home.mp3 Saving to local path: /mnt/Data/Other Media/Music/Country Strong - Soundtrack/12 - Coming Home.mp3
2011-03-05 23:40:51.729755: Starting job: https://dl.vpnhub.ca/downloads/Country%20Strong%20%28Original%20Motion%20Picture%20Soundtrack%29%20-%20V0/12%20-%20Coming%20Home.mp3 Saving to local path: /mnt/Data/Other Media/Music/Country Strong - Soundtrack/12 - Coming Home.mp3
2011-03-05 23:40:51.953793: Starting job: https://dl.vpnhub.ca/downloads/Country%20Strong%20%28Original%20Motion%20Picture%20Soundtrack%29%20-%20V0/13%20-%20Me%20And%20Tennessee.mp3 Saving to local path: /mnt/Data/Other Media/Music/Country Strong - Soundtrack/13 - Me And Tennessee.mp3
2011-03-05 23:40:52.176842: Starting job: https://dl.vpnhub.ca/downloads/Country%20Strong%20%28Original%20Motion%20Picture%20Soundtrack%29%20-%20V0/13%20-%20Me%20And%20Tennessee.mp3 Saving to local path: /mnt/Data/Other Media/Music/Country Strong - Soundtrack/13 - Me And Tennessee.mp3
2011-03-05 23:42:50.022119: Stopped: 20 /mnt/Data/Other Media/Music/Country Strong - Soundtrack/01 - Country Strong.mp3
2011-03-05 23:42:50.052203: Stopped: 22 /mnt/Data/Other Media/Music/Country Strong - Soundtrack/02 - Love Don't Let Me Down.mp3
2011-03-05 23:42:50.078995: Stopped: 23 /mnt/Data/Other Media/Music/Country Strong - Soundtrack/02 - Love Don't Let Me Down.mp3
2011-03-05 23:42:50.109441: Stopped: 24 /mnt/Data/Other Media/Music/Country Strong - Soundtrack/03 - A Little Bit Stronger.mp3
2011-03-05 23:42:50.136733: Stopped: 25 /mnt/Data/Other Media/Music/Country Strong - Soundtrack/03 - A Little Bit Stronger.mp3
2011-03-05 23:42:50.162912: Stopped: 26 /mnt/Data/Other Media/Music/Country Strong - Soundtrack/04 - Chances Are.mp3
2011-03-05 23:42:50.191614: Stopped: 27 /mnt/Data/Other Media/Music/Country Strong - Soundtrack/04 - Chances Are.mp3
2011-03-05 23:42:50.220879: Stopped: 28 /mnt/Data/Other Media/Music/Country Strong - Soundtrack/05 - Liars Lie.mp3
2011-03-05 23:42:50.248378: Stopped: 29 /mnt/Data/Other Media/Music/Country Strong - Soundtrack/05 - Liars Lie.mp3
2011-03-05 23:42:50.275673: Stopped: 30 /mnt/Data/Other Media/Music/Country Strong - Soundtrack/06 - She's Actin' Single (I'm Drinkin' Double).mp3
2011-03-05 23:42:50.303900: Stopped: 31 /mnt/Data/Other Media/Music/Country Strong - Soundtrack/06 - She's Actin' Single (I'm Drinkin' Double).mp3
2011-03-05 23:42:50.332023: Stopped: 32 /mnt/Data/Other Media/Music/Country Strong - Soundtrack/07 - Shake That Thing.mp3
2011-03-05 23:42:50.360310: Stopped: 33 /mnt/Data/Other Media/Music/Country Strong - Soundtrack/07 - Shake That Thing.mp3
2011-03-05 23:42:50.387105: Stopped: 34 /mnt/Data/Other Media/Music/Country Strong - Soundtrack/08 - Thirsty.mp3
2011-03-05 23:42:50.414421: Stopped: 35 /mnt/Data/Other Media/Music/Country Strong - Soundtrack/08 - Thirsty.mp3
2011-03-05 23:42:50.495649: Stopped: 38 /mnt/Data/Other Media/Music/Country Strong - Soundtrack/10 - Timing Is Everything.mp3
2011-03-05 23:42:50.523616: Stopped: 39 /mnt/Data/Other Media/Music/Country Strong - Soundtrack/10 - Timing Is Everything.mp3
2011-03-05 23:42:50.717773: Stopped: 46 /mnt/Data/Other Media/Music/Country Strong - Soundtrack/01 - Country Strong.mp3
2011-03-05 23:42:59.169724: Stopped: 40 /mnt/Data/Other Media/Music/Country Strong - Soundtrack/11 - Words I Couldn't Say.mp3
2011-03-05 23:42:59.197374: Stopped: 41 /mnt/Data/Other Media/Music/Country Strong - Soundtrack/11 - Words I Couldn't Say.mp3
2011-03-05 23:42:59.226289: Stopped: 42 /mnt/Data/Other Media/Music/Country Strong - Soundtrack/12 - Coming Home.mp3
2011-03-05 23:42:59.254379: Stopped: 43 /mnt/Data/Other Media/Music/Country Strong - Soundtrack/12 - Coming Home.mp3
2011-03-05 23:42:59.284267: Stopped: 44 /mnt/Data/Other Media/Music/Country Strong - Soundtrack/13 - Me And Tennessee.mp3
2011-03-05 23:43:00.406495: Stopped: 45 /mnt/Data/Other Media/Music/Country Strong - Soundtrack/13 - Me And Tennessee.mp3
2011-03-05 23:43:50.114006: Removed job with queue id: 21
2011-03-05 23:43:50.137656: Removed job with queue id: 23
2011-03-05 23:43:50.161520: Removed job with queue id: 25
2011-03-05 23:43:50.188904: Removed job with queue id: 27
2011-03-05 23:43:50.214323: Removed job with queue id: 29
2011-03-05 23:43:50.237565: Removed job with queue id: 31
2011-03-05 23:43:50.261590: Removed job with queue id: 33
2011-03-05 23:43:50.284456: Removed job with queue id: 35
2011-03-05 23:43:50.310193: Removed job with queue id: 37
2011-03-05 23:43:50.327600: Removed job with queue id: 39
2011-03-05 23:43:59.673201: Removed job with queue id: 31
2011-03-05 23:44:00.872833: Removed job with queue id: 32
2011-03-05 23:44:00.903345: Removed job with queue id: 34
2011-03-05 23:44:37.827524: Starting job: https://dl.vpnhub.ca/downloads/Country%20Strong%20%28Original%20Motion%20Picture%20Soundtrack%29%20-%20V0/03%20-%20A%20Little%20Bit%20Stronger.mp3 Saving to local path: /mnt/Data/Other Media/Music/Country Strong - Soundtrack/03 - A Little Bit Stronger.mp3
2011-03-05 23:44:38.054296: Starting job: https://dl.vpnhub.ca/downloads/Country%20Strong%20%28Original%20Motion%20Picture%20Soundtrack%29%20-%20V0/05%20-%20Liars%20Lie.mp3 Saving to local path: /mnt/Data/Other Media/Music/Country Strong - Soundtrack/05 - Liars Lie.mp3
2011-03-05 23:44:38.219096: Starting job: https://dl.vpnhub.ca/downloads/Country%20Strong%20%28Original%20Motion%20Picture%20Soundtrack%29%20-%20V0/07%20-%20Shake%20That%20Thing.mp3 Saving to local path: /mnt/Data/Other Media/Music/Country Strong - Soundtrack/07 - Shake That Thing.mp3
2011-03-05 23:44:38.449105: Starting job: https://dl.vpnhub.ca/downloads/Country%20Strong%20%28Original%20Motion%20Picture%20Soundtrack%29%20-%20V0/13%20-%20Me%20And%20Tennessee.mp3 Saving to local path: /mnt/Data/Other Media/Music/Country Strong - Soundtrack/13 - Me And Tennessee.mp3
2011-03-05 23:45:07.584312: Stopped: 22 /mnt/Data/Other Media/Music/Country Strong - Soundtrack/03 - A Little Bit Stronger.mp3
2011-03-05 23:45:07.640425: Stopped: 26 /mnt/Data/Other Media/Music/Country Strong - Soundtrack/07 - Shake That Thing.mp3
2011-03-05 23:45:07.676126: Stopped: 32 /mnt/Data/Other Media/Music/Country Strong - Soundtrack/13 - Me And Tennessee.mp3
2011-03-05 23:45:49.313502: Removed job with queue id: 20
2011-03-05 23:45:49.340330: Removed job with queue id: 21
2011-03-05 23:45:49.364382: Removed job with queue id: 22
2011-03-05 23:45:49.390329: Removed job with queue id: 23
2011-03-05 23:45:49.414630: Removed job with queue id: 24
2011-03-05 23:45:49.439281: Removed job with queue id: 25
2011-03-05 23:45:49.465767: Removed job with queue id: 26
2011-03-05 23:45:49.503134: Removed job with queue id: 27
2011-03-05 23:45:49.525538: Removed job with queue id: 28
2011-03-05 23:45:49.550150: Removed job with queue id: 29
2011-03-05 23:45:49.574488: Removed job with queue id: 30
2011-03-05 23:45:49.603922: Removed job with queue id: 31
2011-03-05 23:45:49.627481: Removed job with queue id: 32
2011-03-07 18:47:56.466200: Starting job: https://dl.vpnhub.ca/downloads/The.Fighter.2010.DVDRiP.XViD.AC3-FLAWL3SS/The.Fighter.2010.DVDRiP.XViD.AC3-FLAWL3SS.avi Saving to local path: /mnt/Data/Movies/Fighter, The (2010)/unknown
2011-03-07 18:48:05.222926: Stopped: 20 /mnt/Data/Movies/Fighter, The (2010)/unknown
2011-03-07 18:48:29.408197: Starting job: https://dl.vpnhub.ca/downloads/The.Fighter.2010.DVDRiP.XViD.AC3-FLAWL3SS/The.Fighter.2010.DVDRiP.XViD.AC3-FLAWL3SS.avi Saving to local path: /mnt/Data/Movies/Fighter, The (2010)/unknown
2011-03-07 18:48:32.664357: Stopped: 21 /mnt/Data/Movies/Fighter, The (2010)/unknown
2011-03-07 18:50:10.779882: Starting job: https://dl.vpnhub.ca/downloads/The.Fighter.2010.DVDRiP.XViD.AC3-FLAWL3SS/The.Fighter.2010.DVDRiP.XViD.AC3-FLAWL3SS.avi Saving to local path: /mnt/Data/Other Media/Music/unknown
2011-03-07 18:50:14.030827: Stopped: 22 /mnt/Data/Other Media/Music/unknown
2011-03-07 18:51:45.696794: Removed job with queue id: 20
2011-03-07 18:51:45.721235: Removed job with queue id: 21
2011-03-07 18:51:45.739434: Removed job with queue id: 22
2011-03-07 18:53:34.090688: Starting job: https://dl.vpnhub.ca/downloads/The.Fighter.2010.DVDRiP.XViD.AC3-FLAWL3SS/The.Fighter.2010.DVDRiP.XViD.AC3-FLAWL3SS.avi Saving to local path: /mnt/Data/Movies/Fighter, The (2010)/The.Fighter.2010.DVDRiP.XViD.AC3-FLAWL3SS.avi
2011-03-07 19:37:07.509169: Starting job: https://dl.vpnhub.ca/downloads/smallville.s10e16.hdtv.xvid-asap.avi Saving to local path: /mnt/Data/TV Shows/Smallville/Smallville Season 10/smallville.s10e16.hdtv.xvid-asap.avi
2011-03-08 09:46:00.144249: Removed job with queue id: 0
2011-03-08 09:46:00.167544: Removed job with queue id: 1
2011-03-08 09:46:00.199279: Removed job with queue id: 2
2011-03-08 09:46:00.224203: Removed job with queue id: 3
2011-03-08 09:46:00.247659: Removed job with queue id: 4
2011-03-08 09:46:00.271576: Removed job with queue id: 5
2011-03-08 09:46:00.297298: Removed job with queue id: 6
2011-03-08 09:46:00.321666: Removed job with queue id: 7
2011-03-08 09:46:00.348111: Removed job with queue id: 8
2011-03-08 09:46:00.378566: Removed job with queue id: 9
2011-03-08 09:46:05.112675: Removed job with queue id: 4
2011-03-08 09:46:05.135972: Removed job with queue id: 8
2011-03-08 09:46:05.165284: Removed job with queue id: 9
2011-03-08 14:56:43.685166: Removed job with queue id: 9
2011-04-10 21:35:21.506528: Starting job: https://dl.vpnhub.ca/downloads/Bones.S06E17.HDTV.XviD-LOL.avi Saving to local path: /mnt/Data/TV Shows/Bones/Bones Season 6/Bones.S06E17.HDTV.XviD-LOL.avi
2011-04-10 21:35:49.456039: Stopped: 9 /mnt/Data/TV Shows/Bones/Bones Season 6/Bones.S06E17.HDTV.XviD-LOL.avi
2011-04-10 21:35:49.529982: Starting job: https://dl.vpnhub.ca/downloads/The.Mentalist.S03E19.Every.Rose.Has.Its.Thorn.HDTV.XviD-2HD.avi Saving to local path: /mnt/Data/TV Shows/Mentalist, The/The Mentalist Season 3/The.Mentalist.S03E19.Every.Rose.Has.Its.Thorn.HDTV.XviD-2HD.avi
2011-04-10 21:35:52.243901: Stopped: 10 /mnt/Data/TV Shows/Mentalist, The/The Mentalist Season 3/The.Mentalist.S03E19.Every.Rose.Has.Its.Thorn.HDTV.XviD-2HD.avi
2011-04-10 21:35:52.318714: Starting job: https://dl.vpnhub.ca/downloads/republic.of.doyle.s02e13.hdtv.xvid-2hd.avi Saving to local path: /mnt/Data/TV Shows/Republic of Doyle/Republic of Doyle Season 2/republic.of.doyle.s02e13.hdtv.xvid-2hd.avi
2011-04-10 21:35:54.739627: Stopped: 11 /mnt/Data/TV Shows/Republic of Doyle/Republic of Doyle Season 2/republic.of.doyle.s02e13.hdtv.xvid-2hd.avi
2011-04-10 21:35:54.812255: Starting job: https://dl.vpnhub.ca/downloads/the.vampire.diaries.s02e17.hdtv.xvid-2hd.avi Saving to local path: /mnt/Data/TV Shows/Vampire Diaries, The/The Vampire Diaries Season 2/the.vampire.diaries.s02e17.hdtv.xvid-2hd.avi
2011-04-10 21:35:57.302946: Stopped: 12 /mnt/Data/TV Shows/Vampire Diaries, The/The Vampire Diaries Season 2/the.vampire.diaries.s02e17.hdtv.xvid-2hd.avi
2011-04-10 21:35:57.391820: Starting job: https://dl.vpnhub.ca/downloads/the.big.bang.theory.s04e20.hdtv.xvid-asap.avi Saving to local path: /mnt/Data/TV Shows/Big Bang Theory, The/Big Bang Theory, The Season 4/the.big.bang.theory.s04e20.hdtv.xvid-asap.avi
2011-04-10 21:36:01.063929: Stopped: 13 /mnt/Data/TV Shows/Big Bang Theory, The/Big Bang Theory, The Season 4/the.big.bang.theory.s04e20.hdtv.xvid-asap.avi
2011-04-10 21:36:05.798530: Starting job: https://dl.vpnhub.ca/downloads/Off.the.Map.S01E13.HDTV.XviD-LOL.avi Saving to local path: /mnt/Data/TV Shows/Off The Map/Off the Map Season 1/Off.the.Map.S01E13.HDTV.XviD-LOL.avi
2011-04-10 21:36:40.596052: Stopped: 14 /mnt/Data/TV Shows/Off The Map/Off the Map Season 1/Off.the.Map.S01E13.HDTV.XviD-LOL.avi
2011-04-10 21:36:41.001574: Starting job: https://dl.vpnhub.ca/downloads/the.big.bang.theory.s04e18.repack.hdtv.xvid-asap.avi Saving to local path: /mnt/Data/TV Shows/Big Bang Theory, The/Big Bang Theory, The Season 4/the.big.bang.theory.s04e18.repack.hdtv.xvid-asap.avi
2011-04-10 21:36:43.491521: Stopped: 15 /mnt/Data/TV Shows/Big Bang Theory, The/Big Bang Theory, The Season 4/the.big.bang.theory.s04e18.repack.hdtv.xvid-asap.avi
2011-04-10 21:36:43.564334: Starting job: https://dl.vpnhub.ca/downloads/castle.2009.320.hdtv-lol.avi Saving to local path: /mnt/Data/TV Shows/Castle/Castle Season 3/castle.2009.320.hdtv-lol.avi
2011-04-10 21:36:46.054400: Stopped: 16 /mnt/Data/TV Shows/Castle/Castle Season 3/castle.2009.320.hdtv-lol.avi
2011-04-10 21:36:46.152458: Starting job: https://dl.vpnhub.ca/downloads/the.mentalist.s03e18.hdtv.xvid-fever.avi Saving to local path: /mnt/Data/TV Shows/Mentalist, The/The Mentalist Season 3/the.mentalist.s03e18.hdtv.xvid-fever.avi
2011-04-10 21:36:47.550305: Starting job: https://dl.vpnhub.ca/downloads/the.big.bang.theory.s04e19.proper.hdtv.xvid-fever.avi Saving to local path: /mnt/Data/TV Shows/Big Bang Theory, The/Big Bang Theory, The Season 4/the.big.bang.theory.s04e19.proper.hdtv.xvid-fever.avi
2011-04-10 21:36:48.989792: Starting job: https://dl.vpnhub.ca/downloads/Greys.Anatomy.S07E18.HDTV.XviD-LOL.avi Saving to local path: /mnt/Data/TV Shows/Grey's Anatomy/Grey's Anatomy Season 7/Greys.Anatomy.S07E18.HDTV.XviD-LOL.avi
2011-04-10 21:36:50.387518: Starting job: https://dl.vpnhub.ca/downloads/Greys.Anatomy.S07E17.HDTV.XviD-LOL.avi Saving to local path: /mnt/Data/TV Shows/Grey's Anatomy/Grey's Anatomy Season 7/Greys.Anatomy.S07E17.HDTV.XviD-LOL.avi
2011-04-10 21:36:51.743958: Starting job: https://dl.vpnhub.ca/downloads/Castle.2009.S03E19.HDTV.XviD-LOL.avi Saving to local path: /mnt/Data/TV Shows/Castle/Castle Season 3/Castle.2009.S03E19.HDTV.XviD-LOL.avi
2011-04-10 21:36:53.100421: Starting job: https://dl.vpnhub.ca/downloads/republic.of.doyle.s02e12.hdtv.xvid-2hd.avi Saving to local path: /mnt/Data/TV Shows/Republic of Doyle/Republic of Doyle Season 2/republic.of.doyle.s02e12.hdtv.xvid-2hd.avi
2011-04-10 21:36:57.894603: Starting job: https://dl.vpnhub.ca/downloads/Off.the.Map.S01E12.HDTV.XviD-LOL.avi Saving to local path: /mnt/Data/TV Shows/Off The Map/Off the Map Season 1/Off.the.Map.S01E12.HDTV.XviD-LOL.avi
2011-04-11 13:41:20.804945: Starting job: https://dl.vpnhub.ca/downloads/I%20Am%20Number%20Four%202011%20PPVRiP-IFLIX/I%20Am%20Number%20Four%202011%20PPVRiP%20IFLIX.avi Saving to local path: /mnt/Data/Movies/I Am Number Four (2011)/I Am Number Four 2011 PPVRiP IFLIX.avi
2011-04-11 13:41:30.688372: Removed job with queue id: 20
2011-04-11 13:41:30.756095: Removed job with queue id: 21
2011-04-11 13:41:30.813153: Removed job with queue id: 22
2011-04-11 13:41:30.872562: Removed job with queue id: 23
2011-04-11 13:41:45.157821: Removed job with queue id: 5
2011-04-11 13:41:45.217461: Removed job with queue id: 6
2011-04-11 13:41:45.275784: Removed job with queue id: 7
2011-04-11 13:41:45.333954: Removed job with queue id: 8
2011-04-11 13:41:45.390783: Removed job with queue id: 9
2011-04-11 13:41:45.440951: Removed job with queue id: 10
2011-04-11 13:41:45.492046: Removed job with queue id: 11
2011-04-11 13:41:45.548866: Removed job with queue id: 12
2011-04-11 13:41:45.608535: Removed job with queue id: 13
2011-04-11 13:41:45.665374: Removed job with queue id: 14
2011-04-11 13:41:45.725020: Removed job with queue id: 15
2011-04-11 13:41:45.781851: Removed job with queue id: 16
2011-04-11 13:41:45.841514: Removed job with queue id: 17
2011-04-11 13:41:45.898402: Removed job with queue id: 18
2011-04-11 13:41:45.958047: Removed job with queue id: 19
2011-04-11 15:23:03.648644: Starting job: https://dl.vpnhub.ca/downloads/the.big.bang.theory.s04e20.hdtv.xvid-asap.avi Saving to local path: /mnt/Data/TV Shows/Big Bang Theory, The/Big Bang Theory, The Season 4/the.big.bang.theory.s04e20.hdtv.xvid-asap.avi
2011-04-11 15:23:13.125903: Stopped: 6 /mnt/Data/TV Shows/Big Bang Theory, The/Big Bang Theory, The Season 4/the.big.bang.theory.s04e20.hdtv.xvid-asap.avi
2011-04-11 15:24:28.784355: Removed job with queue id: 6
2011-04-11 15:24:55.994720: Starting job: https://dl.vpnhub.ca/downloads/the.big.bang.theory.s04e20.hdtv.xvid-asap.avi Saving to local path: /mnt/Data/TV Shows/Big Bang Theory, The/Big Bang Theory, The Season 4/The Big Bang Theory S04 E20 - The Herb Garden Germination.avi
2011-04-11 16:30:33.575969: Starting job: https://dl.vpnhub.ca/downloads/Silent%20Hill%20Sounds%20Box%20%282011%2C%208%20Discs%2C%20CD-MP3-V0%29/607-%20Attitude%20NUM70.mp3 Saving to local path: /mnt/Data/incoming/Silent Hill Sounds Box (2011, 8 Discs, CD-MP3-V0)/607- Attitude NUM70.mp3
2011-04-11 16:35:17.710948: Removed job with queue id: 7
2011-04-11 16:45:08.938860: Starting job: https://dl.vpnhub.ca/downloads/the.big.bang.theory.s04e18.repack.hdtv.xvid-asap.avi Saving to local path: /mnt/Data/TV Shows/Big Bang Theory, The/Big Bang Theory, The Season 4/the.big.bang.theory.s04e18.repack.hdtv.xvid-asap.avi
2011-04-11 18:56:50.839377: Starting job: https://dl.vpnhub.ca/downloads/Third%20Watch%20Season%201%20Complete%20DVDRip/Third%20Watch%20-%2018%20-%20Men.avi Saving to local path: /mnt/Data/TV Shows/Third Watch/Third Watch Season 1/Third Watch - 18 - Men.avi
2011-04-11 18:59:17.155167: Starting job: https://dl.vpnhub.ca/downloads/Third%20Watch%20Season%201%20Complete%20DVDRip/Third%20Watch%20-%2019%20-%20Spring%20Forward%2C%20Fall%20Back.avi Saving to local path: /mnt/Data/TV Shows/Third Watch/Third Watch Season 1/Third Watch - 19 - Spring Forward, Fall Back.avi
2011-04-11 19:09:24.324992: Starting job: https://dl.vpnhub.ca/downloads/Third%20Watch%20Season%201%20Complete%20DVDRip/Third%20Watch%20-%2022%20-%20Young%20Men%20And%20Fire.avi Saving to local path: /mnt/Data/TV Shows/Third Watch/Third Watch Season 1/Third Watch - 22 - Young Men And Fire.avi
2011-04-11 19:19:00.733314: Starting job: https://dl.vpnhub.ca/downloads/Third%20Watch%20Season%201%20Complete%20DVDRip/Third%20Watch%20-%2020%20-%20A%20Thousand%20Points%20Of%20Light.avi Saving to local path: /mnt/Data/TV Shows/Third Watch/Third Watch Season 1/Third Watch - 20 - A Thousand Points Of Light.avi
2011-04-11 19:31:29.008118: Starting job: https://dl.vpnhub.ca/downloads/Third%20Watch%20Season%201%20Complete%20DVDRip/Third%20Watch%20-%2021%20-%20Just%20Another%20Night%20At%20The%20Opera.avi Saving to local path: /mnt/Data/TV Shows/Third Watch/Third Watch Season 1/Third Watch - 21 - Just Another Night At The Opera.avi
2011-04-11 19:40:16.245797: Starting job: https://dl.vpnhub.ca/downloads/Third%20Watch%20Season%201%20Complete%20DVDRip/Third%20Watch%20-%2022%20-%20Young%20Men%20And%20Fire.avi Saving to local path: /mnt/Data/TV Shows/Third Watch/Third Watch Season 1/Third Watch - 22 - Young Men And Fire.avi
2011-04-11 19:40:17.735168: Starting job: https://dl.vpnhub.ca/downloads/Third.Watch.Season.2.XviD-BTN/Third.Watch.S02E01.The.Lost.iNTERNAL.DVDRip.XviD-SAiNTS.avi Saving to local path: /mnt/Data/TV Shows/Third Watch/Third Watch Season 2/Third.Watch.S02E01.The.Lost.iNTERNAL.DVDRip.XviD-SAiNTS.avi
2011-04-11 19:50:01.009238: Starting job: https://dl.vpnhub.ca/downloads/Third.Watch.Season.2.XviD-BTN/Third.Watch.S02E02.Faith.iNTERNAL.DVDRip.XviD-SAiNTS.avi Saving to local path: /mnt/Data/TV Shows/Third Watch/Third Watch Season 2/Third.Watch.S02E02.Faith.iNTERNAL.DVDRip.XviD-SAiNTS.avi
2011-04-11 19:59:48.075404: Starting job: https://dl.vpnhub.ca/downloads/Third.Watch.Season.2.XviD-BTN/Third.Watch.S02E03.Four.Days.iNTERNAL.DVDRip.XviD-SAiNTS.avi Saving to local path: /mnt/Data/TV Shows/Third Watch/Third Watch Season 2/Third.Watch.S02E03.Four.Days.iNTERNAL.DVDRip.XviD-SAiNTS.avi
2011-04-11 20:08:36.699104: Starting job: https://dl.vpnhub.ca/downloads/Third.Watch.Season.2.XviD-BTN/Third.Watch.S02E04.Jimmys.Mountain.iNTERNAL.DVDRip.XviD-SAiNTS.avi Saving to local path: /mnt/Data/TV Shows/Third Watch/Third Watch Season 2/Third.Watch.S02E04.Jimmys.Mountain.iNTERNAL.DVDRip.XviD-SAiNTS.avi
2011-04-11 20:17:18.573514: Starting job: https://dl.vpnhub.ca/downloads/Third.Watch.Season.2.XviD-BTN/Third.Watch.S02E05.Kims.Hope.Chest.iNTERNAL.DVDRip.XviD-SAiNTS.avi Saving to local path: /mnt/Data/TV Shows/Third Watch/Third Watch Season 2/Third.Watch.S02E05.Kims.Hope.Chest.iNTERNAL.DVDRip.XviD-SAiNTS.avi
2011-04-11 20:27:08.869230: Starting job: https://dl.vpnhub.ca/downloads/Third.Watch.Season.2.XviD-BTN/Third.Watch.S02E06.The.Tys.That.Bind.iNTERNAL.DVDRip.XviD-SAiNTS.avi Saving to local path: /mnt/Data/TV Shows/Third Watch/Third Watch Season 2/Third.Watch.S02E06.The.Tys.That.Bind.iNTERNAL.DVDRip.XviD-SAiNTS.avi
2011-04-11 20:35:56.817954: Starting job: https://dl.vpnhub.ca/downloads/Third.Watch.Season.2.XviD-BTN/Third.Watch.S02E07.After.Hours.iNTERNAL.DVDRip.XviD-SAiNTS.avi Saving to local path: /mnt/Data/TV Shows/Third Watch/Third Watch Season 2/Third.Watch.S02E07.After.Hours.iNTERNAL.DVDRip.XviD-SAiNTS.avi
2011-04-11 20:46:40.216459: Starting job: https://dl.vpnhub.ca/downloads/Third.Watch.Season.2.XviD-BTN/Third.Watch.S02E08.Know.Thyself.iNTERNAL.DVDRip.XviD-SAiNTS.avi Saving to local path: /mnt/Data/TV Shows/Third Watch/Third Watch Season 2/Third.Watch.S02E08.Know.Thyself.iNTERNAL.DVDRip.XviD-SAiNTS.avi
2011-04-11 20:55:22.641846: Starting job: https://dl.vpnhub.ca/downloads/Third.Watch.Season.2.XviD-BTN/Third.Watch.S02E09.Run.Of.The.Mill.iNTERNAL.DVDRip.XviD-SAiNTS.avi Saving to local path: /mnt/Data/TV Shows/Third Watch/Third Watch Season 2/Third.Watch.S02E09.Run.Of.The.Mill.iNTERNAL.DVDRip.XviD-SAiNTS.avi
2011-04-11 20:56:50.034410: Stopped: 21 /mnt/Data/TV Shows/Third Watch/Third Watch Season 2/Third.Watch.S02E09.Run.Of.The.Mill.iNTERNAL.DVDRip.XviD-SAiNTS.avi
2011-04-11 20:56:50.150738: Starting job: https://dl.vpnhub.ca/downloads/how.i.met.your.mother.620.hdtv-lol.avi Saving to local path: /mnt/Data/TV Shows/How I Met Your Mother/How I Met Your Mother Season 6/How I Met Your Mother S06 E20 - The Exploding Meatball Sub.avi
2011-04-11 21:01:40.725063: Starting job: https://dl.vpnhub.ca/downloads/Third.Watch.Season.2.XviD-BTN/Third.Watch.S02E09.Run.Of.The.Mill.iNTERNAL.DVDRip.XviD-SAiNTS.avi Saving to local path: /mnt/Data/TV Shows/Third Watch/Third Watch Season 2/Third.Watch.S02E09.Run.Of.The.Mill.iNTERNAL.DVDRip.XviD-SAiNTS.avi
2011-04-11 21:03:01.287698: Stopped: 22 /mnt/Data/TV Shows/Third Watch/Third Watch Season 2/Third.Watch.S02E09.Run.Of.The.Mill.iNTERNAL.DVDRip.XviD-SAiNTS.avi
2011-04-11 21:03:38.506542: Starting job: https://dl.vpnhub.ca/downloads/Third.Watch.Season.2.XviD-BTN/Third.Watch.S02E09.Run.Of.The.Mill.iNTERNAL.DVDRip.XviD-SAiNTS.avi Saving to local path: /mnt/Data/TV Shows/Third Watch/Third Watch Season 2/Third.Watch.S02E09.Run.Of.The.Mill.iNTERNAL.DVDRip.XviD-SAiNTS.avi
2011-04-11 23:15:28.459831: Starting job: https://dl.vpnhub.ca/downloads/Castle.2009.S03E21.HDTV.XviD-LOL.avi Saving to local path: /mnt/Data/TV Shows/Castle/Castle Season 3/Castle (2009) S03 E21 - The Dead Pool.avi
2011-04-12 14:00:03.383677: Starting job: https://dl.vpnhub.ca/downloads///Family.Guy.S09E15.HDTV.XviD-LOL.avi Saving to local path: /mnt/Data/incoming/family guy S09 E15
2011-04-12 14:00:10.664392: Stopped: 24 /mnt/Data/incoming/family guy S09 E15
2011-04-12 14:01:54.647711: Removed job with queue id: 24
2011-04-12 14:02:28.371956: Starting job: https://dl.vpnhub.ca/downloads///Family.Guy.S09E15.HDTV.XviD-LOL.avi Saving to local path: /mnt/Data/incoming/family guy S09 E15.avi
2011-04-12 14:02:43.914679: Stopped: 24 /mnt/Data/incoming/family guy S09 E15.avi
2011-04-12 14:03:04.441762: Removed job with queue id: 24
2011-04-12 14:03:33.689353: Starting job: https://dl.vpnhub.ca/downloads///Shrek.Forever.After.DVDRip.XviD-NeDiVx/nedivx-shrek4.avi Saving to local path: /mnt/Data/incoming/nedivx-shrek4.avi
2011-04-12 14:03:40.861856: Stopped: 24 /mnt/Data/incoming/nedivx-shrek4.avi
2011-04-12 14:03:46.725322: Removed job with queue id: 24
2011-04-12 14:18:26.483966: Starting job: https://dl.vpnhub.ca/downloads///Modern.Family.S02E18.HDTV.XviD-LOL.avi Saving to local path: /mnt/Data/incoming/modern family S02 E18.avi
2011-04-12 14:18:31.301625: Stopped: 24 /mnt/Data/incoming/modern family S02 E18.avi
2011-04-12 14:20:06.099141: Removed job with queue id: 24
2011-04-13 13:43:35.952927: Starting job: https://dl.vpnhub.ca/downloads/The.Eagle.2011.R5.XviD-ViSiON/The.Eagle.2011.R5.XviD-ViSiON.avi Saving to local path: /mnt/Data/incoming/the eagle 2011 r5 xvid-vision av S20 E11.avi
2011-04-13 13:43:44.290028: Stopped: 24 /mnt/Data/incoming/the eagle 2011 r5 xvid-vision av S20 E11.avi
2011-04-13 13:53:05.929610: Removed job with queue id: 24
2011-04-13 13:59:35.738450: Starting job: https://dl.vpnhub.ca/downloads/The.Eagle.2011.R5.XviD-ViSiON/The.Eagle.2011.R5.XviD-ViSiON.avi Saving to local path: /mnt/Data/incoming/The Eagle (2011)
2011-04-13 13:59:41.654490: Stopped: 24 /mnt/Data/incoming/The Eagle (2011)
2011-04-13 14:01:15.171112: Starting job: https://dl.vpnhub.ca/downloads///NCIS.Los.Angeles.S02E21.HDTV.XviD-LOL.avi Saving to local path: /mnt/Data/incoming/NCIS: Los Angeles S02 E21 - Rocket Man.avi
2011-04-13 14:01:19.921845: Stopped: 25 /mnt/Data/incoming/NCIS: Los Angeles S02 E21 - Rocket Man.avi
2011-04-13 14:02:23.082108: Removed job with queue id: 24
2011-04-13 14:02:23.142562: Removed job with queue id: 25
2011-04-16 17:02:24.678840: Starting job: https://dl.vpnhub.ca/downloads/Community.S02E20.HDTV.XviD-LOL.avi Saving to local path: /mnt/Data/TV Shows/Community/Community Season 2/Community S02 E20 - Competitive Wine Tasting.avi
2011-04-16 17:06:47.258281: Starting job: https://dl.vpnhub.ca/downloads/Community.S02E19.HDTV.XviD-LOL.avi Saving to local path: /mnt/Data/TV Shows/Community/Community Season 2/Community S02 E19 - Critical Film Studies.avi
2011-04-16 17:12:51.780100: Starting job: https://dl.vpnhub.ca/downloads/Community.S02E18.HDTV.XviD-LOL.avi Saving to local path: /mnt/Data/TV Shows/Community/Community Season 2/Community S02 E18 - Custody Law and Eastern European Diplomacy.avi
2011-04-18 13:11:21.329338: Starting job: https://dl.vpnhub.ca/downloads/Rec.2007.READNFO.DVDRiP.XViD-iKA/Rec-iKA.avi Saving to local path: /mnt/Data/incoming/Rec-iKA.avi
2011-04-18 13:11:28.853203: Stopped: 27 /mnt/Data/incoming/Rec-iKA.avi
2011-04-18 13:14:23.328193: Removed job with queue id: 27
2011-04-18 13:17:09.802408: Starting job: https://dl.vpnhub.ca/downloads/Rec.2007.READNFO.DVDRiP.XViD-iKA/Rec-iKA.avi Saving to local path: /mnt/Data/incoming/[Rec] (2007)
2011-04-18 13:17:15.884869: Stopped: 27 /mnt/Data/incoming/[Rec] (2007)
2011-04-18 13:17:29.711997: Removed job with queue id: 27
2011-04-18 18:19:57.965201: Starting job: https://dl.vpnhub.ca/downloads///Family.Guy.S09E16.HDTV.XviD-LOL.avi Saving to local path: /mnt/Data/TV Shows/Family Guy S09 E16 - Seahorse Sea Shell Party.avi
2011-04-18 18:20:06.427138: Stopped: 27 /mnt/Data/TV Shows/Family Guy S09 E16 - Seahorse Sea Shell Party.avi
2011-04-18 18:20:34.000063: Removed job with queue id: 27
2011-04-18 18:24:32.772588: Starting job: https://dl.vpnhub.ca/downloads///Third.Watch.Season.2.XviD-BTN/Third.Watch.S02E10.History.iNTERNAL.DVDRip.XviD-SAiNTS.avi Saving to local path: /mnt/Data/TV Shows/Third Watch/Third Watch Season 2/Third Watch S02 E10 - History.avi
2011-04-18 18:28:10.997570: Removed job with queue id: 0
2011-04-18 18:28:11.063798: Removed job with queue id: 1
2011-04-18 18:28:11.130671: Removed job with queue id: 2
2011-04-18 18:28:11.189020: Removed job with queue id: 3
2011-04-18 18:28:11.288464: Removed job with queue id: 4
2011-04-18 18:28:11.355363: Removed job with queue id: 5
2011-04-18 18:28:11.421593: Removed job with queue id: 6
2011-04-18 18:28:11.488473: Removed job with queue id: 7
2011-04-18 18:28:11.554724: Removed job with queue id: 8
2011-04-18 18:28:11.621748: Removed job with queue id: 9
2011-04-18 18:28:11.688027: Removed job with queue id: 10
2011-04-18 18:28:11.754745: Removed job with queue id: 11
2011-04-18 18:28:11.821026: Removed job with queue id: 12
2011-04-18 18:28:11.887875: Removed job with queue id: 13
2011-04-18 18:28:11.945797: Removed job with queue id: 14
2011-04-18 18:28:12.004360: Removed job with queue id: 15
2011-04-18 18:28:12.070607: Removed job with queue id: 16
2011-04-18 18:28:12.137619: Removed job with queue id: 17
2011-04-18 18:28:12.378574: Removed job with queue id: 18
2011-04-18 18:28:12.445386: Removed job with queue id: 19
2011-04-18 18:28:12.511636: Removed job with queue id: 20
2011-04-18 18:28:12.628544: Removed job with queue id: 21
2011-04-18 18:28:12.686653: Removed job with queue id: 22
2011-04-18 18:28:12.744585: Removed job with queue id: 23
2011-04-18 18:28:12.803135: Removed job with queue id: 24
2011-04-18 18:28:12.861098: Removed job with queue id: 25
2011-04-18 18:28:12.927942: Removed job with queue id: 26
2011-04-18 18:33:19.137749: Starting job: https://dl.vpnhub.ca/downloads///Third.Watch.Season.2.XviD-BTN/Third.Watch.S02E11.A.Heros.Rest.iNTERNAL.DVDRip.XviD-SAiNTS.avi Saving to local path: /mnt/Data/TV Shows/Third Watch/Third Watch Season 2/Third Watch S02 E11 - A Hero's Rest.avi
2011-04-18 18:39:19.823660: Starting job: https://dl.vpnhub.ca/downloads///Third.Watch.Season.2.XviD-BTN/Third.Watch.S02E12.True.Love.DVDRip.XviD-SAiNTS.avi Saving to local path: /mnt/Data/TV Shows/Third Watch/Third Watch Season 2/Third Watch S02 E12 - True Love.avi
2011-04-18 18:43:34.444688: Starting job: https://dl.vpnhub.ca/downloads///Third.Watch.Season.2.XviD-BTN/Third.Watch.S02E13.Duty.DVDRip.XviD-SAiNTS.avi Saving to local path: /mnt/Data/TV Shows/Third Watch/Third Watch Season 2/Third Watch S02 E13 - Duty.avi
2011-04-18 18:47:34.649508: Starting job: https://dl.vpnhub.ca/downloads///Third.Watch.Season.2.XviD-BTN/Third.Watch.S02E14.A.Rock.And.A.Hard.Place.DVDRip.XviD-SAiNTS.avi Saving to local path: /mnt/Data/TV Shows/Third Watch/Third Watch Season 2/Third Watch S02 E14 - A Rock and a Hard Place.avi
2011-04-18 18:51:33.861345: Starting job: https://dl.vpnhub.ca/downloads///Third.Watch.Season.2.XviD-BTN/Third.Watch.S02E15.Requiem.For.A.Bantamweight.DVDRip.XviD-SAiNTS.avi Saving to local path: /mnt/Data/TV Shows/Third Watch/Third Watch Season 2/Third Watch S02 E15 - Requiem for a Bantamweight.avi
2011-04-18 18:55:46.078375: Starting job: https://dl.vpnhub.ca/downloads///Third.Watch.Season.2.XviD-BTN/Third.Watch.S02E16.Unfinished.Business.DVDRip.XviD-SAiNTS.avi Saving to local path: /mnt/Data/TV Shows/Third Watch/Third Watch Season 2/Third Watch S02 E16 - Unfinished Business.avi
2011-04-18 19:01:21.410987: Starting job: https://dl.vpnhub.ca/downloads///Third.Watch.Season.2.XviD-BTN/Third.Watch.S02E17.The.Self-Importance.Of.Being.Carlos.DVDRip.XviD-SAiNTS.avi Saving to local path: /mnt/Data/TV Shows/Third Watch/Third Watch Season 2/Third Watch S02 E17 - The Self-Importance of Being Carlos.avi
2011-04-18 19:07:02.557724: Starting job: https://dl.vpnhub.ca/downloads///Third.Watch.Season.2.XviD-BTN/Third.Watch.S02E18.Honor.DVDRip.XviD-SAiNTS.avi Saving to local path: /mnt/Data/TV Shows/Third Watch/Third Watch Season 2/Third Watch S02 E18 - Honor.avi
2011-04-18 19:12:17.887093: Starting job: https://dl.vpnhub.ca/downloads///Third.Watch.Season.2.XviD-BTN/Third.Watch.S02E19.Walking.Wounded.DVDRip.XviD-SAiNTS.avi Saving to local path: /mnt/Data/TV Shows/Third Watch/Third Watch Season 2/Third Watch S02 E19 - Walking Wounded.avi
2011-04-18 19:17:38.583630: Starting job: https://dl.vpnhub.ca/downloads///Third.Watch.Season.2.XviD-BTN/Third.Watch.S02E20.Man.Enough.DVDRip.XviD-SAiNTS.avi Saving to local path: /mnt/Data/TV Shows/Third Watch/Third Watch Season 2/Third Watch S02 E20 - Man Enough.avi
2011-04-18 19:22:59.879019: Starting job: https://dl.vpnhub.ca/downloads///Third.Watch.Season.2.XviD-BTN/Third.Watch.S02E21.Exposing.Faith.DVDRip.XviD-SAiNTS.avi Saving to local path: /mnt/Data/TV Shows/Third Watch/Third Watch Season 2/Third Watch S02 E21 - Exposing Faith.avi
2011-04-18 19:28:05.722644: Starting job: https://dl.vpnhub.ca/downloads///Third.Watch.Season.2.XviD-BTN/Third.Watch.S02E22.And.Zeus.Wept.DVDRip.XviD-SAiNTS.avi Saving to local path: /mnt/Data/TV Shows/Third Watch/Third Watch Season 2/Third Watch S02 E22 - ...And Zeus Wept.avi
2011-04-18 19:32:46.579717: Starting job: https://dl.vpnhub.ca/downloads/Private.Practice.S02.DVDRip.XviD-SAiNTS/Private.Practice.S02E01.DVDRip.XviD-SAiNTS.avi Saving to local path: /mnt/Data/TV Shows/Private Practice/Private Practice Season 2/Private Practice S02 E01 - A Family Thing.avi
2011-04-18 19:36:57.775707: Starting job: https://dl.vpnhub.ca/downloads/Private.Practice.S02.DVDRip.XviD-SAiNTS/Private.Practice.S02E02.DVDRip.XviD-SAiNTS.avi Saving to local path: /mnt/Data/TV Shows/Private Practice/Private Practice Season 2/Private Practice S02 E02 - Equal and Opposite.avi
2011-04-18 19:41:10.583661: Starting job: https://dl.vpnhub.ca/downloads/Private.Practice.S02.DVDRip.XviD-SAiNTS/Private.Practice.S02E03.DVDRip.XviD-SAiNTS.avi Saving to local path: /mnt/Data/TV Shows/Private Practice/Private Practice Season 2/Private Practice S02 E03 - Nothing to Talk About.avi
2011-04-18 19:45:45.872809: Starting job: https://dl.vpnhub.ca/downloads/Private.Practice.S02.DVDRip.XviD-SAiNTS/Private.Practice.S02E04.DVDRip.XviD-SAiNTS.avi Saving to local path: /mnt/Data/TV Shows/Private Practice/Private Practice Season 2/Private Practice S02 E04 - Past Tense.avi
2011-04-18 19:50:01.608524: Starting job: https://dl.vpnhub.ca/downloads/Private.Practice.S02.DVDRip.XviD-SAiNTS/Private.Practice.S02E05.DVDRip.XviD-SAiNTS.avi Saving to local path: /mnt/Data/TV Shows/Private Practice/Private Practice Season 2/Private Practice S02 E05 - Let It Go.avi
2011-04-18 19:55:34.179984: Starting job: https://dl.vpnhub.ca/downloads/Private.Practice.S02.DVDRip.XviD-SAiNTS/Private.Practice.S02E06.DVDRip.XviD-SAiNTS.avi Saving to local path: /mnt/Data/TV Shows/Private Practice/Private Practice Season 2/Private Practice S02 E06 - Serving Two Masters.avi
2011-04-18 20:00:24.406179: Starting job: https://dl.vpnhub.ca/downloads/Private.Practice.S02.DVDRip.XviD-SAiNTS/Private.Practice.S02E07.DVDRip.XviD-SAiNTS.avi Saving to local path: /mnt/Data/TV Shows/Private Practice/Private Practice Season 2/Private Practice S02 E07 - Tempting Faith.avi
2011-04-18 20:05:35.291423: Starting job: https://dl.vpnhub.ca/downloads/Private.Practice.S02.DVDRip.XviD-SAiNTS/Private.Practice.S02E08.DVDRip.XviD-SAiNTS.avi Saving to local path: /mnt/Data/TV Shows/Private Practice/Private Practice Season 2/Private Practice S02 E08 - Crime and Punishment.avi
2011-04-18 20:09:51.811807: Starting job: https://dl.vpnhub.ca/downloads/Private.Practice.S02.DVDRip.XviD-SAiNTS/Private.Practice.S02E09.DVDRip.XviD-SAiNTS.avi Saving to local path: /mnt/Data/TV Shows/Private Practice/Private Practice Season 2/Private Practice S02 E09 - Know When to Fold.avi
2011-04-18 20:13:55.365802: Starting job: https://dl.vpnhub.ca/downloads/Private.Practice.S02.DVDRip.XviD-SAiNTS/Private.Practice.S02E10.DVDRip.XviD-SAiNTS.avi Saving to local path: /mnt/Data/TV Shows/Private Practice/Private Practice Season 2/Private Practice S02 E10 - Worlds Apart.avi
2011-04-18 20:18:24.566726: Starting job: https://dl.vpnhub.ca/downloads/Private.Practice.S02.DVDRip.XviD-SAiNTS/Private.Practice.S02E11.DVDRip.XviD-SAiNTS.avi Saving to local path: /mnt/Data/TV Shows/Private Practice/Private Practice Season 2/Private Practice S02 E11 - Contamination.avi
2011-04-18 20:23:00.230718: Starting job: https://dl.vpnhub.ca/downloads/Private.Practice.S02.DVDRip.XviD-SAiNTS/Private.Practice.S02E12.DVDRip.XviD-SAiNTS.avi Saving to local path: /mnt/Data/TV Shows/Private Practice/Private Practice Season 2/Private Practice S02 E12 - Homeward Bound.avi
2011-04-18 20:29:41.154873: Starting job: https://dl.vpnhub.ca/downloads/Private.Practice.S02.DVDRip.XviD-SAiNTS/Private.Practice.S02E13.DVDRip.XviD-SAiNTS.avi Saving to local path: /mnt/Data/TV Shows/Private Practice/Private Practice Season 2/Private Practice S02 E13 - Nothing to Fear.avi
2011-04-18 20:36:44.444179: Starting job: https://dl.vpnhub.ca/downloads/Private.Practice.S02.DVDRip.XviD-SAiNTS/Private.Practice.S02E14.DVDRip.XviD-SAiNTS.avi Saving to local path: /mnt/Data/TV Shows/Private Practice/Private Practice Season 2/Private Practice S02 E14 - Second Chances.avi
2011-04-18 20:44:33.948473: Starting job: https://dl.vpnhub.ca/downloads/Private.Practice.S02.DVDRip.XviD-SAiNTS/Private.Practice.S02E15.DVDRip.XviD-SAiNTS.avi Saving to local path: /mnt/Data/TV Shows/Private Practice/Private Practice Season 2/Private Practice S02 E15 - Acceptance.avi
2011-04-18 20:50:49.769392: Starting job: https://dl.vpnhub.ca/downloads/Private.Practice.S02.DVDRip.XviD-SAiNTS/Private.Practice.S02E16.DVDRip.XviD-SAiNTS.avi Saving to local path: /mnt/Data/TV Shows/Private Practice/Private Practice Season 2/Private Practice S02 E16 - Ex-Life.avi
2011-04-18 20:59:09.809901: Starting job: https://dl.vpnhub.ca/downloads/Private.Practice.S02.DVDRip.XviD-SAiNTS/Private.Practice.S02E17.DVDRip.XviD-SAiNTS.avi Saving to local path: /mnt/Data/TV Shows/Private Practice/Private Practice Season 2/Private Practice S02 E17 - Wait and See.avi
2011-04-18 21:07:46.525134: Starting job: https://dl.vpnhub.ca/downloads/Private.Practice.S02.DVDRip.XviD-SAiNTS/Private.Practice.S02E18.DVDRip.XviD-SAiNTS.avi Saving to local path: /mnt/Data/TV Shows/Private Practice/Private Practice Season 2/Private Practice S02 E18 - Finishing.avi
2011-04-18 21:17:28.464783: Starting job: https://dl.vpnhub.ca/downloads/Private.Practice.S02.DVDRip.XviD-SAiNTS/Private.Practice.S02E19.DVDRip.XviD-SAiNTS.avi Saving to local path: /mnt/Data/TV Shows/Private Practice/Private Practice Season 2/Private Practice S02 E19 - What Women Want.avi
2011-04-18 21:28:20.400752: Starting job: https://dl.vpnhub.ca/downloads/Private.Practice.S02.DVDRip.XviD-SAiNTS/Private.Practice.S02E20.DVDRip.XviD-SAiNTS.avi Saving to local path: /mnt/Data/TV Shows/Private Practice/Private Practice Season 2/Private Practice S02 E20 - Do the Right Thing.avi
2011-04-18 21:39:10.439360: Starting job: https://dl.vpnhub.ca/downloads/Private.Practice.S02.DVDRip.XviD-SAiNTS/Private.Practice.S02E21.DVDRip.XviD-SAiNTS.avi Saving to local path: /mnt/Data/TV Shows/Private Practice/Private Practice Season 2/Private Practice S02 E21 - What You Do for Love.avi
2011-04-18 21:48:29.948482: Starting job: https://dl.vpnhub.ca/downloads/Private.Practice.S02.DVDRip.XviD-SAiNTS/Private.Practice.S02E22.DVDRip.XviD-SAiNTS.avi Saving to local path: /mnt/Data/TV Shows/Private Practice/Private Practice Season 2/Private Practice S02 E22 - Yours, Mine and Ours.avi
2011-04-19 09:41:09.276074: Removed job with queue id: 0
2011-04-19 09:41:09.369327: Removed job with queue id: 1
2011-04-19 09:41:09.434089: Removed job with queue id: 2
2011-04-19 09:41:09.494105: Removed job with queue id: 3
2011-04-19 09:41:09.559041: Removed job with queue id: 4
2011-04-19 09:41:09.702700: Removed job with queue id: 5
2011-04-19 09:41:09.791880: Removed job with queue id: 6
2011-04-19 09:41:09.851979: Removed job with queue id: 7
2011-04-19 09:41:09.916713: Removed job with queue id: 8
2011-04-19 09:41:10.018333: Removed job with queue id: 9
2011-04-19 09:41:10.091551: Removed job with queue id: 10
2011-04-19 09:41:10.193067: Removed job with queue id: 11
2011-04-19 09:41:10.257867: Removed job with queue id: 12
2011-04-19 09:41:10.317868: Removed job with queue id: 13
2011-04-19 09:41:10.382660: Removed job with queue id: 14
2011-04-19 09:41:10.442670: Removed job with queue id: 15
2011-04-19 09:41:10.507471: Removed job with queue id: 16
2011-04-19 09:41:10.567727: Removed job with queue id: 17
2011-04-19 09:41:10.665732: Removed job with queue id: 18
2011-04-19 09:41:10.733911: Removed job with queue id: 19
2011-04-19 09:41:10.798699: Removed job with queue id: 20
2011-04-19 09:41:10.867037: Removed job with queue id: 21
2011-04-19 09:41:10.931824: Removed job with queue id: 22
2011-04-19 09:41:11.000166: Removed job with queue id: 23
2011-04-19 09:41:11.065002: Removed job with queue id: 24
2011-04-19 09:41:11.133299: Removed job with queue id: 25
2011-04-19 09:41:11.189765: Removed job with queue id: 26
2011-04-19 09:41:11.249793: Removed job with queue id: 27
2011-04-19 09:41:11.306259: Removed job with queue id: 28
2011-04-19 09:41:11.374603: Removed job with queue id: 29
2011-04-19 09:41:11.439405: Removed job with queue id: 30
2011-04-19 09:41:11.507729: Removed job with queue id: 31
2011-04-19 09:41:11.572670: Removed job with queue id: 32
2011-04-19 09:41:11.640987: Removed job with queue id: 33
2011-04-19 09:41:11.705146: Removed job with queue id: 34
2011-04-19 10:45:17.094345: Starting job: https://dl.vpnhub.ca/downloads///mad.love.S01E09.hdtv.xvid-lol.avi Saving to local path: /mnt/Data//incoming/Mad Love S01 E09 - Pub Quiz.avi
2011-04-19 10:45:35.278504: Stopped: 0 /mnt/Data//incoming/Mad Love S01 E09 - Pub Quiz.avi
2011-04-19 10:55:55.791735: Starting job: https://dl.vpnhub.ca/downloads///the.hard.times.of.rj.berger.s02e05.hdtv.xvid-fqm.avi Saving to local path: /mnt/Data//incoming/The Hard Times of RJ Berger S02 E05 - Deadliest Crotch.avi
2011-04-19 10:56:00.579889: Stopped: 1 /mnt/Data//incoming/The Hard Times of RJ Berger S02 E05 - Deadliest Crotch.avi
2011-04-19 10:56:06.386403: Removed job with queue id: 1
2011-04-19 10:56:10.963831: Starting job: https://dl.vpnhub.ca/downloads///the.hard.times.of.rj.berger.s02e05.hdtv.xvid-fqm.avi Saving to local path: /mnt/Data//incoming/The Hard Times of RJ Berger S02 E05 - Deadliest Crotch.avi
2011-04-19 10:56:19.218006: Stopped: 1 /mnt/Data//incoming/The Hard Times of RJ Berger S02 E05 - Deadliest Crotch.avi
2011-04-19 10:57:02.151748: Removed job with queue id: 1
2011-04-19 11:07:11.868807: Starting job: https://dl.vpnhub.ca/downloads///the.hard.times.of.rj.berger.s02e05.hdtv.xvid-fqm.avi Saving to local path: /mnt/Data//incoming/The Hard Times of RJ Berger S02 E05 - Deadliest Crotch.avi
2011-04-19 11:07:56.068005: Stopped: 1 /mnt/Data//incoming/The Hard Times of RJ Berger S02 E05 - Deadliest Crotch.avi
2011-04-19 13:04:58.852102: Starting job: https://dl.vpnhub.ca/downloads/supernatural.s06e17.hdtv.xvid-asap.avi Saving to local path: /mnt/Data/TV Shows/Supernatural/Supernatural Season 6/Supernatural S06 E17 - My Heart Will Go On.avi
2011-04-19 13:53:05.044259: Removed job with queue id: 0
2011-04-19 13:53:05.112628: Removed job with queue id: 1
2011-04-19 19:04:07.655936: Starting job: https://dl.vpnhub.ca/downloads/Bones.S06E18.HDTV.XviD-LOL.avi Saving to local path: /mnt/Data/TV Shows/Bones/Bones Season 6/Bones S06 E18 - The Truth in the Myth.avi
2011-04-19 19:12:58.781129: Starting job: https://dl.vpnhub.ca/downloads/the.vampire.diaries.s02e18.hdtv.xvid-2hd.avi Saving to local path: /mnt/Data/TV Shows/Vampire Diaries, The/The Vampire Diaries Season 2/The Vampire Diaries S02 E18 - The Last Dance.avi
2011-04-19 19:22:49.085900: Starting job: https://dl.vpnhub.ca/downloads/hawaii.five-0.2010.120.hdtv-lol.avi Saving to local path: /mnt/Data/TV Shows/Hawaii 5-O/Hawaii 5-O Season 1/Hawaii Five-0 (2010) S01 E20 - Ma Ke Kahakai (Shore).avi
2011-04-19 19:31:32.415862: Starting job: https://dl.vpnhub.ca/downloads/smallville.s10e17.repack.hdtv.xvid-asap.avi Saving to local path: /mnt/Data/TV Shows/Smallville/Smallville Season 10/Smallville S10 E17 - Kent.avi
2011-04-19 21:09:17.410953: Starting job: https://dl.vpnhub.ca/downloads/One.Tree.Hill.S08E18.HDTV.XviD-P0W4.avi Saving to local path: /mnt/Data/TV Shows/One Tree Hill/One Tree Hill Season 8/One Tree Hill S08 E18 - Quiet Little Voices.avi
2011-04-19 23:28:19.447330: Starting job: https://dl.vpnhub.ca/downloads/Portal.2-SKIDROW/sr-port2.rar Saving to local path: /mnt/Data//sr-port2.rar
2011-04-19 23:28:27.343706: Stopped: 6 /mnt/Data//sr-port2.rar
2011-04-19 23:36:39.670288: Removed job with queue id: 6
2011-04-19 23:39:28.107039: Starting job: https://dl.vpnhub.ca/downloads/Portal.2-SKIDROW/sr-port2.rar Saving to local path: /mnt/Data//Games/Games/Portal 2/sr-port2.rar
2011-04-19 23:39:35.329461: Stopped: 6 /mnt/Data//Games/Games/Portal 2/sr-port2.rar
2011-04-19 23:42:31.279881: Removed job with queue id: 6
2011-04-19 23:42:43.760282: Starting job: https://dl.vpnhub.ca/downloads/Portal.2-SKIDROW/skidrow.nfo Saving to local path: /mnt/Data//Games/Games/Portal 2/skidrow.nfo
2011-04-19 23:42:45.115786: Starting job: https://dl.vpnhub.ca/downloads/Portal.2-SKIDROW/sr-port2.r00 Saving to local path: /mnt/Data//Games/Games/Portal 2/sr-port2.r00
2011-04-19 23:45:13.872132: Starting job: https://dl.vpnhub.ca/downloads/Portal.2-SKIDROW/sr-port2.r01 Saving to local path: /mnt/Data//Games/Games/Portal 2/sr-port2.r01
2011-04-19 23:47:36.548563: Starting job: https://dl.vpnhub.ca/downloads/Portal.2-SKIDROW/sr-port2.r02 Saving to local path: /mnt/Data//Games/Games/Portal 2/sr-port2.r02
2011-04-19 23:49:59.122444: Starting job: https://dl.vpnhub.ca/downloads/Portal.2-SKIDROW/sr-port2.r03 Saving to local path: /mnt/Data//Games/Games/Portal 2/sr-port2.r03
2011-04-19 23:52:21.391180: Starting job: https://dl.vpnhub.ca/downloads/Portal.2-SKIDROW/sr-port2.r04 Saving to local path: /mnt/Data//Games/Games/Portal 2/sr-port2.r04
2011-04-19 23:55:45.090260: Starting job: https://dl.vpnhub.ca/downloads/Portal.2-SKIDROW/sr-port2.r05 Saving to local path: /mnt/Data//Games/Games/Portal 2/sr-port2.r05
2011-04-19 23:58:10.103269: Starting job: https://dl.vpnhub.ca/downloads/Portal.2-SKIDROW/sr-port2.r06 Saving to local path: /mnt/Data//Games/Games/Portal 2/sr-port2.r06
2011-04-20 00:00:31.054778: Starting job: https://dl.vpnhub.ca/downloads/Portal.2-SKIDROW/sr-port2.r07 Saving to local path: /mnt/Data//Games/Games/Portal 2/sr-port2.r07
2011-04-20 00:02:54.895939: Starting job: https://dl.vpnhub.ca/downloads/Portal.2-SKIDROW/sr-port2.r08 Saving to local path: /mnt/Data//Games/Games/Portal 2/sr-port2.r08
2011-04-20 00:05:16.805323: Starting job: https://dl.vpnhub.ca/downloads/Portal.2-SKIDROW/sr-port2.r09 Saving to local path: /mnt/Data//Games/Games/Portal 2/sr-port2.r09
2011-04-20 00:07:40.319807: Starting job: https://dl.vpnhub.ca/downloads/Portal.2-SKIDROW/sr-port2.r10 Saving to local path: /mnt/Data//Games/Games/Portal 2/sr-port2.r10
2011-04-20 00:10:03.644934: Starting job: https://dl.vpnhub.ca/downloads/Portal.2-SKIDROW/sr-port2.r11 Saving to local path: /mnt/Data//Games/Games/Portal 2/sr-port2.r11
2011-04-20 00:13:26.653709: Starting job: https://dl.vpnhub.ca/downloads/Portal.2-SKIDROW/sr-port2.r12 Saving to local path: /mnt/Data//Games/Games/Portal 2/sr-port2.r12
2011-04-20 00:15:48.987526: Starting job: https://dl.vpnhub.ca/downloads/Portal.2-SKIDROW/sr-port2.r13 Saving to local path: /mnt/Data//Games/Games/Portal 2/sr-port2.r13
2011-04-20 00:18:14.891008: Starting job: https://dl.vpnhub.ca/downloads/Portal.2-SKIDROW/sr-port2.r14 Saving to local path: /mnt/Data//Games/Games/Portal 2/sr-port2.r14
2011-04-20 00:21:36.035612: Starting job: https://dl.vpnhub.ca/downloads/Portal.2-SKIDROW/sr-port2.r15 Saving to local path: /mnt/Data//Games/Games/Portal 2/sr-port2.r15
2011-04-20 00:23:59.709140: Starting job: https://dl.vpnhub.ca/downloads/Portal.2-SKIDROW/sr-port2.r16 Saving to local path: /mnt/Data//Games/Games/Portal 2/sr-port2.r16
2011-04-20 00:26:22.259515: Starting job: https://dl.vpnhub.ca/downloads/Portal.2-SKIDROW/sr-port2.r17 Saving to local path: /mnt/Data//Games/Games/Portal 2/sr-port2.r17
2011-04-20 00:28:47.571318: Starting job: https://dl.vpnhub.ca/downloads/Portal.2-SKIDROW/sr-port2.r18 Saving to local path: /mnt/Data//Games/Games/Portal 2/sr-port2.r18
2011-04-20 00:32:11.454875: Starting job: https://dl.vpnhub.ca/downloads/Portal.2-SKIDROW/sr-port2.r19 Saving to local path: /mnt/Data//Games/Games/Portal 2/sr-port2.r19
2011-04-20 00:34:31.692108: Starting job: https://dl.vpnhub.ca/downloads/Portal.2-SKIDROW/sr-port2.r20 Saving to local path: /mnt/Data//Games/Games/Portal 2/sr-port2.r20
2011-04-20 00:36:53.302135: Starting job: https://dl.vpnhub.ca/downloads/Portal.2-SKIDROW/sr-port2.r21 Saving to local path: /mnt/Data//Games/Games/Portal 2/sr-port2.r21
2011-04-20 00:39:23.241390: Starting job: https://dl.vpnhub.ca/downloads/Portal.2-SKIDROW/sr-port2.r22 Saving to local path: /mnt/Data//Games/Games/Portal 2/sr-port2.r22
2011-04-20 00:42:51.325551: Starting job: https://dl.vpnhub.ca/downloads/Portal.2-SKIDROW/sr-port2.r23 Saving to local path: /mnt/Data//Games/Games/Portal 2/sr-port2.r23
2011-04-20 00:45:16.222264: Starting job: https://dl.vpnhub.ca/downloads/Portal.2-SKIDROW/sr-port2.r24 Saving to local path: /mnt/Data//Games/Games/Portal 2/sr-port2.r24
2011-04-20 00:47:40.836038: Starting job: https://dl.vpnhub.ca/downloads/Portal.2-SKIDROW/sr-port2.r25 Saving to local path: /mnt/Data//Games/Games/Portal 2/sr-port2.r25
2011-04-20 00:51:05.916378: Starting job: https://dl.vpnhub.ca/downloads/Portal.2-SKIDROW/sr-port2.r26 Saving to local path: /mnt/Data//Games/Games/Portal 2/sr-port2.r26
2011-04-20 00:53:27.744013: Starting job: https://dl.vpnhub.ca/downloads/Portal.2-SKIDROW/sr-port2.r27 Saving to local path: /mnt/Data//Games/Games/Portal 2/sr-port2.r27
2011-04-20 00:55:51.592420: Starting job: https://dl.vpnhub.ca/downloads/Portal.2-SKIDROW/sr-port2.r28 Saving to local path: /mnt/Data//Games/Games/Portal 2/sr-port2.r28
2011-04-20 00:58:14.100946: Starting job: https://dl.vpnhub.ca/downloads/Portal.2-SKIDROW/sr-port2.r29 Saving to local path: /mnt/Data//Games/Games/Portal 2/sr-port2.r29
2011-04-20 01:01:38.820974: Starting job: https://dl.vpnhub.ca/downloads/Portal.2-SKIDROW/sr-port2.r30 Saving to local path: /mnt/Data//Games/Games/Portal 2/sr-port2.r30
2011-04-20 01:04:01.705164: Starting job: https://dl.vpnhub.ca/downloads/Portal.2-SKIDROW/sr-port2.r31 Saving to local path: /mnt/Data//Games/Games/Portal 2/sr-port2.r31
2011-04-20 01:06:24.064057: Starting job: https://dl.vpnhub.ca/downloads/Portal.2-SKIDROW/sr-port2.r32 Saving to local path: /mnt/Data//Games/Games/Portal 2/sr-port2.r32
2011-04-20 01:08:47.254240: Starting job: https://dl.vpnhub.ca/downloads/Portal.2-SKIDROW/sr-port2.r33 Saving to local path: /mnt/Data//Games/Games/Portal 2/sr-port2.r33
2011-04-20 01:11:12.092862: Starting job: https://dl.vpnhub.ca/downloads/Portal.2-SKIDROW/sr-port2.r34 Saving to local path: /mnt/Data//Games/Games/Portal 2/sr-port2.r34
2011-04-20 01:13:35.017407: Starting job: https://dl.vpnhub.ca/downloads/Portal.2-SKIDROW/sr-port2.r35 Saving to local path: /mnt/Data//Games/Games/Portal 2/sr-port2.r35
2011-04-20 01:15:56.993539: Starting job: https://dl.vpnhub.ca/downloads/Portal.2-SKIDROW/sr-port2.r36 Saving to local path: /mnt/Data//Games/Games/Portal 2/sr-port2.r36
2011-04-20 01:18:19.943215: Starting job: https://dl.vpnhub.ca/downloads/Portal.2-SKIDROW/sr-port2.r37 Saving to local path: /mnt/Data//Games/Games/Portal 2/sr-port2.r37
2011-04-20 01:20:44.091266: Starting job: https://dl.vpnhub.ca/downloads/Portal.2-SKIDROW/sr-port2.r38 Saving to local path: /mnt/Data//Games/Games/Portal 2/sr-port2.r38
2011-04-20 01:23:14.615375: Starting job: https://dl.vpnhub.ca/downloads/Portal.2-SKIDROW/sr-port2.r39 Saving to local path: /mnt/Data//Games/Games/Portal 2/sr-port2.r39
2011-04-20 01:25:37.781438: Starting job: https://dl.vpnhub.ca/downloads/Portal.2-SKIDROW/sr-port2.r40 Saving to local path: /mnt/Data//Games/Games/Portal 2/sr-port2.r40
2011-04-20 01:28:01.238854: Starting job: https://dl.vpnhub.ca/downloads/Portal.2-SKIDROW/sr-port2.r41 Saving to local path: /mnt/Data//Games/Games/Portal 2/sr-port2.r41
2011-04-20 01:30:53.242421: Starting job: https://dl.vpnhub.ca/downloads/Portal.2-SKIDROW/sr-port2.r42 Saving to local path: /mnt/Data//Games/Games/Portal 2/sr-port2.r42
2011-04-20 01:33:15.601576: Starting job: https://dl.vpnhub.ca/downloads/Portal.2-SKIDROW/sr-port2.r43 Saving to local path: /mnt/Data//Games/Games/Portal 2/sr-port2.r43
2011-04-20 01:35:36.096799: Starting job: https://dl.vpnhub.ca/downloads/Portal.2-SKIDROW/sr-port2.r44 Saving to local path: /mnt/Data//Games/Games/Portal 2/sr-port2.r44
2011-04-20 01:38:53.663796: Starting job: https://dl.vpnhub.ca/downloads/Portal.2-SKIDROW/sr-port2.r45 Saving to local path: /mnt/Data//Games/Games/Portal 2/sr-port2.r45
2011-04-20 01:41:16.031142: Starting job: https://dl.vpnhub.ca/downloads/Portal.2-SKIDROW/sr-port2.r46 Saving to local path: /mnt/Data//Games/Games/Portal 2/sr-port2.r46
2011-04-20 01:43:40.179120: Starting job: https://dl.vpnhub.ca/downloads/Portal.2-SKIDROW/sr-port2.r47 Saving to local path: /mnt/Data//Games/Games/Portal 2/sr-port2.r47
2011-04-20 01:46:03.703142: Starting job: https://dl.vpnhub.ca/downloads/Portal.2-SKIDROW/sr-port2.r48 Saving to local path: /mnt/Data//Games/Games/Portal 2/sr-port2.r48
2011-04-20 01:48:25.454677: Starting job: https://dl.vpnhub.ca/downloads/Portal.2-SKIDROW/sr-port2.r49 Saving to local path: /mnt/Data//Games/Games/Portal 2/sr-port2.r49
2011-04-20 01:50:48.271348: Starting job: https://dl.vpnhub.ca/downloads/Portal.2-SKIDROW/sr-port2.r50 Saving to local path: /mnt/Data//Games/Games/Portal 2/sr-port2.r50
2011-04-20 01:53:08.025970: Starting job: https://dl.vpnhub.ca/downloads/Portal.2-SKIDROW/sr-port2.r51 Saving to local path: /mnt/Data//Games/Games/Portal 2/sr-port2.r51
2011-04-20 01:56:31.816609: Starting job: https://dl.vpnhub.ca/downloads/Portal.2-SKIDROW/sr-port2.r52 Saving to local path: /mnt/Data//Games/Games/Portal 2/sr-port2.r52
2011-04-20 01:59:51.738113: Starting job: https://dl.vpnhub.ca/downloads/Portal.2-SKIDROW/sr-port2.r53 Saving to local path: /mnt/Data//Games/Games/Portal 2/sr-port2.r53
2011-04-20 02:02:13.223335: Starting job: https://dl.vpnhub.ca/downloads/Portal.2-SKIDROW/sr-port2.r54 Saving to local path: /mnt/Data//Games/Games/Portal 2/sr-port2.r54
2011-04-20 02:04:34.242578: Starting job: https://dl.vpnhub.ca/downloads/Portal.2-SKIDROW/sr-port2.r55 Saving to local path: /mnt/Data//Games/Games/Portal 2/sr-port2.r55
2011-04-20 02:07:57.717149: Starting job: https://dl.vpnhub.ca/downloads/Portal.2-SKIDROW/sr-port2.r56 Saving to local path: /mnt/Data//Games/Games/Portal 2/sr-port2.r56
2011-04-20 02:10:22.705346: Starting job: https://dl.vpnhub.ca/downloads/Portal.2-SKIDROW/sr-port2.r57 Saving to local path: /mnt/Data//Games/Games/Portal 2/sr-port2.r57
2011-04-20 02:12:45.480301: Starting job: https://dl.vpnhub.ca/downloads/Portal.2-SKIDROW/sr-port2.r58 Saving to local path: /mnt/Data//Games/Games/Portal 2/sr-port2.r58
2011-04-20 02:16:07.831506: Starting job: https://dl.vpnhub.ca/downloads/Portal.2-SKIDROW/sr-port2.r59 Saving to local path: /mnt/Data//Games/Games/Portal 2/sr-port2.r59
2011-04-20 02:18:31.663339: Starting job: https://dl.vpnhub.ca/downloads/Portal.2-SKIDROW/sr-port2.r60 Saving to local path: /mnt/Data//Games/Games/Portal 2/sr-port2.r60
2011-04-20 02:21:00.861724: Starting job: https://dl.vpnhub.ca/downloads/Portal.2-SKIDROW/sr-port2.r61 Saving to local path: /mnt/Data//Games/Games/Portal 2/sr-port2.r61
2011-04-20 02:23:24.710081: Starting job: https://dl.vpnhub.ca/downloads/Portal.2-SKIDROW/sr-port2.r62 Saving to local path: /mnt/Data//Games/Games/Portal 2/sr-port2.r62
2011-04-20 02:25:49.440412: Starting job: https://dl.vpnhub.ca/downloads/Portal.2-SKIDROW/sr-port2.r63 Saving to local path: /mnt/Data//Games/Games/Portal 2/sr-port2.r63
2011-04-20 02:29:15.128242: Starting job: https://dl.vpnhub.ca/downloads/Portal.2-SKIDROW/sr-port2.r64 Saving to local path: /mnt/Data//Games/Games/Portal 2/sr-port2.r64
2011-04-20 02:31:36.871548: Starting job: https://dl.vpnhub.ca/downloads/Portal.2-SKIDROW/sr-port2.r65 Saving to local path: /mnt/Data//Games/Games/Portal 2/sr-port2.r65
2011-04-20 02:33:59.979371: Starting job: https://dl.vpnhub.ca/downloads/Portal.2-SKIDROW/sr-port2.r66 Saving to local path: /mnt/Data//Games/Games/Portal 2/sr-port2.r66
2011-04-20 02:36:24.243797: Starting job: https://dl.vpnhub.ca/downloads/Portal.2-SKIDROW/sr-port2.r67 Saving to local path: /mnt/Data//Games/Games/Portal 2/sr-port2.r67
2011-04-20 02:38:48.225322: Starting job: https://dl.vpnhub.ca/downloads/Portal.2-SKIDROW/sr-port2.r68 Saving to local path: /mnt/Data//Games/Games/Portal 2/sr-port2.r68
2011-04-20 02:41:13.446692: Starting job: https://dl.vpnhub.ca/downloads/Portal.2-SKIDROW/sr-port2.r69 Saving to local path: /mnt/Data//Games/Games/Portal 2/sr-port2.r69
2011-04-20 02:43:18.365491: Starting job: https://dl.vpnhub.ca/downloads/Portal.2-SKIDROW/sr-port2.rar Saving to local path: /mnt/Data//Games/Games/Portal 2/sr-port2.rar
2011-04-20 02:45:39.368214: Starting job: https://dl.vpnhub.ca/downloads/Portal.2-SKIDROW/sr-port2.sfv Saving to local path: /mnt/Data//Games/Games/Portal 2/sr-port2.sfv
2011-04-20 13:33:13.232224: Starting job: https://dl.vpnhub.ca/downloads/The.Super.2011.DvDScr.XviD.AC3-XtremE/The.Super.2011.DvDScr.XviD.AC3-XtremE.avi Saving to local path: /mnt/Data//incoming/The Human Centipede (2009)
2011-04-20 13:33:14.489688: Cannot find file: The Human Centipede (2009) to compute stats for
2011-04-20 13:33:15.621568: Cannot find file: The Human Centipede (2009) to compute stats for
2011-04-20 13:33:16.744802: Cannot find file: The Human Centipede (2009) to compute stats for
2011-04-20 13:33:17.884674: Cannot find file: The Human Centipede (2009) to compute stats for
2011-04-20 13:33:19.024487: Cannot find file: The Human Centipede (2009) to compute stats for
2011-04-20 13:33:20.147766: Cannot find file: The Human Centipede (2009) to compute stats for
2011-04-20 13:33:21.271109: Cannot find file: The Human Centipede (2009) to compute stats for
2011-04-20 13:33:22.394417: Cannot find file: The Human Centipede (2009) to compute stats for
2011-04-20 13:33:23.509312: Cannot find file: The Human Centipede (2009) to compute stats for
2011-04-20 13:33:24.682619: Cannot find file: The Human Centipede (2009) to compute stats for
2011-04-20 13:33:25.806214: Cannot find file: The Human Centipede (2009) to compute stats for
2011-04-20 13:33:26.962885: Cannot find file: The Human Centipede (2009) to compute stats for
2011-04-20 13:33:28.077390: Cannot find file: The Human Centipede (2009) to compute stats for
2011-04-20 13:33:29.200739: Cannot find file: The Human Centipede (2009) to compute stats for
2011-04-20 13:33:30.324006: Cannot find file: The Human Centipede (2009) to compute stats for
2011-04-20 13:33:31.472320: Cannot find file: The Human Centipede (2009) to compute stats for
2011-04-20 13:33:32.595869: Cannot find file: The Human Centipede (2009) to compute stats for
2011-04-20 13:33:33.710674: Cannot find file: The Human Centipede (2009) to compute stats for
2011-04-20 13:33:34.825493: Cannot find file: The Human Centipede (2009) to compute stats for
2011-04-20 13:33:35.965507: Cannot find file: The Human Centipede (2009) to compute stats for
2011-04-20 13:33:37.080362: Cannot find file: The Human Centipede (2009) to compute stats for
2011-04-20 13:33:38.203732: Cannot find file: The Human Centipede (2009) to compute stats for
2011-04-20 13:33:39.335300: Cannot find file: The Human Centipede (2009) to compute stats for
2011-04-20 13:33:40.450414: Cannot find file: The Human Centipede (2009) to compute stats for
2011-04-20 13:33:41.582193: Cannot find file: The Human Centipede (2009) to compute stats for
2011-04-20 13:33:42.688691: Cannot find file: The Human Centipede (2009) to compute stats for
2011-04-20 13:33:43.820198: Cannot find file: The Human Centipede (2009) to compute stats for
2011-04-20 13:33:44.926848: Cannot find file: The Human Centipede (2009) to compute stats for
2011-04-20 13:33:46.066750: Cannot find file: The Human Centipede (2009) to compute stats for
2011-04-20 13:33:47.190086: Cannot find file: The Human Centipede (2009) to compute stats for
2011-04-20 13:33:48.321751: Cannot find file: The Human Centipede (2009) to compute stats for
2011-04-20 13:33:49.445014: Cannot find file: The Human Centipede (2009) to compute stats for
2011-04-20 13:33:50.585144: Cannot find file: The Human Centipede (2009) to compute stats for
2011-04-20 13:33:51.741651: Cannot find file: The Human Centipede (2009) to compute stats for
2011-04-20 13:33:52.864797: Cannot find file: The Human Centipede (2009) to compute stats for
2011-04-20 13:33:53.988041: Cannot find file: The Human Centipede (2009) to compute stats for
2011-04-20 13:33:55.128058: Cannot find file: The Human Centipede (2009) to compute stats for
2011-04-20 13:33:56.259651: Cannot find file: The Human Centipede (2009) to compute stats for
2011-04-20 13:33:57.416421: Cannot find file: The Human Centipede (2009) to compute stats for
2011-04-20 13:33:58.548329: Cannot find file: The Human Centipede (2009) to compute stats for
2011-04-20 13:33:59.671247: Cannot find file: The Human Centipede (2009) to compute stats for
2011-04-20 13:34:00.794455: Cannot find file: The Human Centipede (2009) to compute stats for
2011-04-20 13:34:01.934655: Cannot find file: The Human Centipede (2009) to compute stats for
2011-04-20 13:34:03.066128: Cannot find file: The Human Centipede (2009) to compute stats for
2011-04-20 13:34:04.189256: Cannot find file: The Human Centipede (2009) to compute stats for
2011-04-20 13:34:05.320856: Cannot find file: The Human Centipede (2009) to compute stats for
2011-04-20 13:34:06.444205: Cannot find file: The Human Centipede (2009) to compute stats for
2011-04-20 13:34:07.598703: Cannot find file: The Human Centipede (2009) to compute stats for
2011-04-20 13:34:08.732617: Cannot find file: The Human Centipede (2009) to compute stats for
2011-04-20 13:34:09.855609: Cannot find file: The Human Centipede (2009) to compute stats for
2011-04-20 13:34:10.978930: Cannot find file: The Human Centipede (2009) to compute stats for
2011-04-20 13:34:12.110519: Cannot find file: The Human Centipede (2009) to compute stats for
2011-04-20 13:34:13.258787: Cannot find file: The Human Centipede (2009) to compute stats for
2011-04-20 13:34:14.390459: Cannot find file: The Human Centipede (2009) to compute stats for
2011-04-20 13:34:15.505379: Cannot find file: The Human Centipede (2009) to compute stats for
2011-04-20 13:34:16.662253: Cannot find file: The Human Centipede (2009) to compute stats for
2011-04-20 13:34:17.818601: Cannot find file: The Human Centipede (2009) to compute stats for
2011-04-20 13:34:18.950174: Cannot find file: The Human Centipede (2009) to compute stats for
2011-04-20 13:34:20.081764: Cannot find file: The Human Centipede (2009) to compute stats for
2011-04-20 13:34:21.213396: Cannot find file: The Human Centipede (2009) to compute stats for
2011-04-20 13:34:22.328334: Cannot find file: The Human Centipede (2009) to compute stats for
2011-04-20 13:34:23.468267: Cannot find file: The Human Centipede (2009) to compute stats for
2011-04-20 13:34:24.608445: Cannot find file: The Human Centipede (2009) to compute stats for
2011-04-20 13:34:25.756655: Cannot find file: The Human Centipede (2009) to compute stats for
2011-04-20 13:34:26.913046: Cannot find file: The Human Centipede (2009) to compute stats for
2011-04-20 13:34:28.028031: Cannot find file: The Human Centipede (2009) to compute stats for
2011-04-20 13:34:29.176272: Cannot find file: The Human Centipede (2009) to compute stats for
2011-04-20 13:34:30.299578: Cannot find file: The Human Centipede (2009) to compute stats for
2011-04-20 13:34:31.439512: Cannot find file: The Human Centipede (2009) to compute stats for
2011-04-20 13:34:32.563320: Cannot find file: The Human Centipede (2009) to compute stats for
2011-04-20 13:34:33.760711: Cannot find file: The Human Centipede (2009) to compute stats for
2011-04-20 13:34:34.900547: Cannot find file: The Human Centipede (2009) to compute stats for
2011-04-20 13:34:36.041037: Cannot find file: The Human Centipede (2009) to compute stats for
2011-04-20 13:34:37.180782: Cannot find file: The Human Centipede (2009) to compute stats for
2011-04-20 13:34:38.312412: Cannot find file: The Human Centipede (2009) to compute stats for
2011-04-20 13:34:39.452383: Cannot find file: The Human Centipede (2009) to compute stats for
2011-04-20 13:35:11.054375: Process: 26128 does not exsist
2011-04-20 13:35:11.054497: Stopped: 0 The Human Centipede (2009)
2011-04-20 13:35:21.311792: Removed job with queue id: 0
2011-04-20 13:35:35.741091: Starting job: https://dl.vpnhub.ca/downloads/The.Super.2011.DvDScr.XviD.AC3-XtremE/The.Super.2011.DvDScr.XviD.AC3-XtremE.avi Saving to local path: /mnt/Data//incoming/The Human Centipede (2009)
2011-04-20 13:35:56.493783: Stopped: 0 The Human Centipede (2009)
2011-04-20 13:38:00.220269: Removed job with queue id: 0
2011-04-20 13:38:21.546585: new jobs size: 1471245604
2011-04-20 13:38:21.689125: Starting job: https://dl.vpnhub.ca/downloads/The.Super.2011.DvDScr.XviD.AC3-XtremE/The.Super.2011.DvDScr.XviD.AC3-XtremE.avi Saving to local path: /mnt/Data//incoming/The Human Centipede (2009)
2011-04-20 13:38:25.467635: Stopped: 0 The Human Centipede (2009)
2011-04-20 13:50:29.016974: Removed job with queue id: 0
2011-04-20 13:50:43.720678: Starting job: https://dl.vpnhub.ca/downloads/The.Super.2011.DvDScr.XviD.AC3-XtremE/The.Super.2011.DvDScr.XviD.AC3-XtremE.avi Saving to local path: /mnt/Data//incoming/The Human Centipede (2009)
2011-04-20 13:51:20.066524: Stopped: 0 The Human Centipede (2009)
2011-04-20 13:52:40.617189: Removed job with queue id: 0
2011-04-20 13:53:00.779404: Starting job: https://dl.vpnhub.ca/downloads/The.Super.2011.DvDScr.XviD.AC3-XtremE/The.Super.2011.DvDScr.XviD.AC3-XtremE.avi Saving to local path: /mnt/Data//incoming/The Human Centipede (2009)
2011-04-20 13:53:17.654899: Stopped: 0 The Human Centipede (2009)
2011-04-20 13:53:23.568738: Removed job with queue id: 0
2011-04-20 13:53:32.996641: Starting job: https://dl.vpnhub.ca/downloads/The.Super.2011.DvDScr.XviD.AC3-XtremE/The.Super.2011.DvDScr.XviD.AC3-XtremE.avi Saving to local path: /mnt/Data//incoming/The.Super.2011.DvDScr.XviD.AC3-XtremE.avi
2011-04-20 13:53:52.110671: Stopped: 0 The.Super.2011.DvDScr.XviD.AC3-XtremE.avi
2011-04-20 13:55:29.984997: Removed job with queue id: 0
2011-04-20 13:57:22.090856: Starting job: https://dl.vpnhub.ca/downloads/The.Super.2011.DvDScr.XviD.AC3-XtremE/The.Super.2011.DvDScr.XviD.AC3-XtremE.avi Saving to local path: /mnt/Data//incoming/Super 8 (2011)
2011-04-20 13:57:31.743788: Stopped: 0 Super 8 (2011)
2011-04-20 13:58:04.408757: Removed job with queue id: 0
2011-04-20 14:03:16.543813: Starting job: https://dl.vpnhub.ca/downloads///Bones.S06E18.HDTV.XviD-LOL.avi Saving to local path: /mnt/Data//incoming/Bones S06 E18 - The Truth in the Myth.avi
2011-04-20 14:03:24.907160: Stopped: 0 Bones S06 E18 - The Truth in the Myth.avi
2011-04-20 14:03:28.424767: Removed job with queue id: 0
2011-04-20 14:03:33.734429: Starting job: https://dl.vpnhub.ca/downloads///Bones.S06E18.HDTV.XviD-LOL.avi Saving to local path: /mnt/Data//incoming/Bones S06 E18 - The Truth in the Myth.avi
2011-04-20 14:03:43.418687: Removed job with queue id: 0
2011-04-20 14:17:29.432455: Could not remove data for file: /mnt/Data//incoming/Ferris Bueller's Day Off (1986).mkv
2011-04-20 14:17:29.488666: Removed job with queue id: 0
2011-04-20 14:25:15.239502: Removed job with queue id: 0
2011-04-20 14:30:14.035623: Removed job with queue id: 0
2011-04-20 14:30:47.810322: Starting job: https://dl.vpnhub.ca/downloads/Top.Chef.S08E16.HDTV.XviD-SYS/Top.Chef.S08E16.HDTV.XviD-SYS.avi Saving to local path: /mnt/Data//incoming/Top Chef S08 E16 - Finale.avi
2011-04-20 14:30:58.653454: Stopped: 0 Top Chef S08 E16 - Finale.avi
2011-04-20 14:31:02.154203: Removed job with queue id: 0
2011-04-20 14:38:18.326028: Starting job: https://dl.vpnhub.ca/downloads/Top.Chef.S08E16.HDTV.XviD-SYS/Top.Chef.S08E16.HDTV.XviD-SYS.avi Saving to local path: /mnt/Data//incoming/Top Chef S08 E16 - Finale.avi
2011-04-20 14:40:10.331847: Stopped: 0 Top Chef S08 E16 - Finale.avi
2011-04-20 14:41:52.792745: Starting job: https://dl.vpnhub.ca/downloads/Top.Chef.S08E16.HDTV.XviD-SYS/Top.Chef.S08E16.HDTV.XviD-SYS.avi Saving to local path: /mnt/Data//incoming/Top Chef S08 E16 - Finale.avi
2011-04-20 14:41:59.973738: Stopped: 0 Top Chef S08 E16 - Finale.avi
2011-04-20 14:42:10.282915: Starting job: https://dl.vpnhub.ca/downloads/Top.Chef.S08E16.HDTV.XviD-SYS/Top.Chef.S08E16.HDTV.XviD-SYS.avi Saving to local path: /mnt/Data//incoming/Top Chef S08 E16 - Finale.avi
2011-04-20 14:42:23.654522: Stopped: 0 Top Chef S08 E16 - Finale.avi
2011-04-20 14:42:28.320293: Removed job with queue id: 0
